17:24:07.763 INFO  manager.ApplicationManager - The link is-->https://contacts-app.tobbymarshall815.vercel.app/home
17:24:07.919 INFO  tests.TestBase - Start test --->loginModelDataProvider
17:24:07.924 INFO  manager.MyListener - 'Start find' element ---> By.xpath: //button[text()='Sing Out']
17:24:13.012 INFO  manager.MyListener - The Element with locator --->By.xpath: //button[text()='Sing Out']<-----was found
17:24:13.046 INFO  manager.MyListener - 'Start find' element ---> By.cssSelector: [href='/login']
17:24:13.113 INFO  manager.MyListener - The Element with locator --->By.cssSelector: [href='/login']<-----was found
17:24:13.429 INFO  manager.MyListener - 'Start find' element ---> By.xpath: //input[1]
17:24:13.470 INFO  manager.MyListener - The Element with locator --->By.xpath: //input[1]<-----was found
17:24:13.909 INFO  manager.MyListener - 'Start find' element ---> By.xpath: //input[2]
17:24:13.943 INFO  manager.MyListener - The Element with locator --->By.xpath: //input[2]<-----was found
17:24:14.108 INFO  manager.MyListener - 'Start find' element ---> By.xpath: //*[text()=' Login']
17:24:14.128 INFO  manager.MyListener - The Element with locator --->By.xpath: //*[text()=' Login']<-----was found
17:24:14.204 INFO  manager.MyListener - 'Start find' element ---> By.xpath: //*[text()='Sign Out']
17:24:14.598 INFO  manager.MyListener - The Element with locator --->By.xpath: //*[text()='Sign Out']<-----was found
17:24:14.609 INFO  tests.TestBase - Start test --->loginModelDataProvider
17:24:14.611 INFO  manager.MyListener - 'Start find' element ---> By.xpath: //button[text()='Sing Out']
17:24:19.664 INFO  manager.MyListener - The Element with locator --->By.xpath: //button[text()='Sing Out']<-----was found
17:24:19.665 INFO  manager.MyListener - 'Start find' element ---> By.cssSelector: [href='/login']
17:24:24.745 INFO  manager.MyListener - We have a 'throwbale'  ---->no such element: Unable to locate element: {"method":"css selector","selector":"[href='/login']"}
  (Session info: chrome=100.0.4896.127)
For documentation on this error, please visit: https://www.seleniumhq.org/exceptions/no_such_element.html
Build info: version: '3.141.59', revision: 'e82be7d358', time: '2018-11-14T08:17:03'
System info: host: 'LAPTOP-VKFDTO5N', ip: '192.168.178.45', os.name: 'Windows 10', os.arch: 'amd64', os.version: '10.0', java.version: '11.0.14'
Driver info: org.openqa.selenium.chrome.ChromeDriver
Capabilities {acceptInsecureCerts: false, browserName: chrome, browserVersion: 100.0.4896.127, chrome: {chromedriverVersion: 100.0.4896.60 (6a5d10861ce8..., userDataDir: C:\Users\RODGER~1\AppData\L...}, goog:chromeOptions: {debuggerAddress: localhost:54600}, javascriptEnabled: true, networkConnectionEnabled: false, pageLoadStrategy: normal, platform: WINDOWS, platformName: WINDOWS, proxy: Proxy(), setWindowRect: true, strictFileInteractability: false, timeouts: {implicit: 0, pageLoad: 300000, script: 30000}, unhandledPromptBehavior: dismiss and notify, webauthn:extension:credBlob: true, webauthn:extension:largeBlob: true, webauthn:virtualAuthenticators: true}
Session ID: 2ebf4b6718a6ab5df27e3130085a9dd2
*** Element info: {Using=css selector, value=[href='/login']}
17:24:24.749 INFO  manager.MyListener - We have a 'fill In StackTrace'  ---->org.openqa.selenium.NoSuchElementException: no such element: Unable to locate element: {"method":"css selector","selector":"[href='/login']"}
  (Session info: chrome=100.0.4896.127)
For documentation on this error, please visit: https://www.seleniumhq.org/exceptions/no_such_element.html
Build info: version: '3.141.59', revision: 'e82be7d358', time: '2018-11-14T08:17:03'
System info: host: 'LAPTOP-VKFDTO5N', ip: '192.168.178.45', os.name: 'Windows 10', os.arch: 'amd64', os.version: '10.0', java.version: '11.0.14'
Driver info: org.openqa.selenium.chrome.ChromeDriver
Capabilities {acceptInsecureCerts: false, browserName: chrome, browserVersion: 100.0.4896.127, chrome: {chromedriverVersion: 100.0.4896.60 (6a5d10861ce8..., userDataDir: C:\Users\RODGER~1\AppData\L...}, goog:chromeOptions: {debuggerAddress: localhost:54600}, javascriptEnabled: true, networkConnectionEnabled: false, pageLoadStrategy: normal, platform: WINDOWS, platformName: WINDOWS, proxy: Proxy(), setWindowRect: true, strictFileInteractability: false, timeouts: {implicit: 0, pageLoad: 300000, script: 30000}, unhandledPromptBehavior: dismiss and notify, webauthn:extension:credBlob: true, webauthn:extension:largeBlob: true, webauthn:virtualAuthenticators: true}
Session ID: 2ebf4b6718a6ab5df27e3130085a9dd2
*** Element info: {Using=css selector, value=[href='/login']}
17:24:25.759 INFO  manager.MyListener - This is the link to screen with problem-->src/test/screenshots/screen-1464.png
17:24:25.762 INFO  tests.TestBase - Start test --->loginModelDataProvider
17:24:25.764 INFO  manager.MyListener - 'Start find' element ---> By.xpath: //button[text()='Sing Out']
17:24:30.841 INFO  manager.MyListener - The Element with locator --->By.xpath: //button[text()='Sing Out']<-----was found
17:24:30.843 INFO  manager.MyListener - 'Start find' element ---> By.cssSelector: [href='/login']
17:24:35.922 INFO  manager.MyListener - We have a 'throwbale'  ---->no such element: Unable to locate element: {"method":"css selector","selector":"[href='/login']"}
  (Session info: chrome=100.0.4896.127)
For documentation on this error, please visit: https://www.seleniumhq.org/exceptions/no_such_element.html
Build info: version: '3.141.59', revision: 'e82be7d358', time: '2018-11-14T08:17:03'
System info: host: 'LAPTOP-VKFDTO5N', ip: '192.168.178.45', os.name: 'Windows 10', os.arch: 'amd64', os.version: '10.0', java.version: '11.0.14'
Driver info: org.openqa.selenium.chrome.ChromeDriver
Capabilities {acceptInsecureCerts: false, browserName: chrome, browserVersion: 100.0.4896.127, chrome: {chromedriverVersion: 100.0.4896.60 (6a5d10861ce8..., userDataDir: C:\Users\RODGER~1\AppData\L...}, goog:chromeOptions: {debuggerAddress: localhost:54600}, javascriptEnabled: true, networkConnectionEnabled: false, pageLoadStrategy: normal, platform: WINDOWS, platformName: WINDOWS, proxy: Proxy(), setWindowRect: true, strictFileInteractability: false, timeouts: {implicit: 0, pageLoad: 300000, script: 30000}, unhandledPromptBehavior: dismiss and notify, webauthn:extension:credBlob: true, webauthn:extension:largeBlob: true, webauthn:virtualAuthenticators: true}
Session ID: 2ebf4b6718a6ab5df27e3130085a9dd2
*** Element info: {Using=css selector, value=[href='/login']}
17:24:35.924 INFO  manager.MyListener - We have a 'fill In StackTrace'  ---->org.openqa.selenium.NoSuchElementException: no such element: Unable to locate element: {"method":"css selector","selector":"[href='/login']"}
  (Session info: chrome=100.0.4896.127)
For documentation on this error, please visit: https://www.seleniumhq.org/exceptions/no_such_element.html
Build info: version: '3.141.59', revision: 'e82be7d358', time: '2018-11-14T08:17:03'
System info: host: 'LAPTOP-VKFDTO5N', ip: '192.168.178.45', os.name: 'Windows 10', os.arch: 'amd64', os.version: '10.0', java.version: '11.0.14'
Driver info: org.openqa.selenium.chrome.ChromeDriver
Capabilities {acceptInsecureCerts: false, browserName: chrome, browserVersion: 100.0.4896.127, chrome: {chromedriverVersion: 100.0.4896.60 (6a5d10861ce8..., userDataDir: C:\Users\RODGER~1\AppData\L...}, goog:chromeOptions: {debuggerAddress: localhost:54600}, javascriptEnabled: true, networkConnectionEnabled: false, pageLoadStrategy: normal, platform: WINDOWS, platformName: WINDOWS, proxy: Proxy(), setWindowRect: true, strictFileInteractability: false, timeouts: {implicit: 0, pageLoad: 300000, script: 30000}, unhandledPromptBehavior: dismiss and notify, webauthn:extension:credBlob: true, webauthn:extension:largeBlob: true, webauthn:virtualAuthenticators: true}
Session ID: 2ebf4b6718a6ab5df27e3130085a9dd2
*** Element info: {Using=css selector, value=[href='/login']}
17:24:36.729 INFO  manager.MyListener - This is the link to screen with problem-->src/test/screenshots/screen-1475.png
17:24:36.732 INFO  tests.TestBase - Start test --->loginModelDataProvider
17:24:36.733 INFO  manager.MyListener - 'Start find' element ---> By.xpath: //button[text()='Sing Out']
17:24:41.830 INFO  manager.MyListener - The Element with locator --->By.xpath: //button[text()='Sing Out']<-----was found
17:24:41.833 INFO  manager.MyListener - 'Start find' element ---> By.cssSelector: [href='/login']
17:24:46.880 INFO  manager.MyListener - We have a 'throwbale'  ---->no such element: Unable to locate element: {"method":"css selector","selector":"[href='/login']"}
  (Session info: chrome=100.0.4896.127)
For documentation on this error, please visit: https://www.seleniumhq.org/exceptions/no_such_element.html
Build info: version: '3.141.59', revision: 'e82be7d358', time: '2018-11-14T08:17:03'
System info: host: 'LAPTOP-VKFDTO5N', ip: '192.168.178.45', os.name: 'Windows 10', os.arch: 'amd64', os.version: '10.0', java.version: '11.0.14'
Driver info: org.openqa.selenium.chrome.ChromeDriver
Capabilities {acceptInsecureCerts: false, browserName: chrome, browserVersion: 100.0.4896.127, chrome: {chromedriverVersion: 100.0.4896.60 (6a5d10861ce8..., userDataDir: C:\Users\RODGER~1\AppData\L...}, goog:chromeOptions: {debuggerAddress: localhost:54600}, javascriptEnabled: true, networkConnectionEnabled: false, pageLoadStrategy: normal, platform: WINDOWS, platformName: WINDOWS, proxy: Proxy(), setWindowRect: true, strictFileInteractability: false, timeouts: {implicit: 0, pageLoad: 300000, script: 30000}, unhandledPromptBehavior: dismiss and notify, webauthn:extension:credBlob: true, webauthn:extension:largeBlob: true, webauthn:virtualAuthenticators: true}
Session ID: 2ebf4b6718a6ab5df27e3130085a9dd2
*** Element info: {Using=css selector, value=[href='/login']}
17:24:46.883 INFO  manager.MyListener - We have a 'fill In StackTrace'  ---->org.openqa.selenium.NoSuchElementException: no such element: Unable to locate element: {"method":"css selector","selector":"[href='/login']"}
  (Session info: chrome=100.0.4896.127)
For documentation on this error, please visit: https://www.seleniumhq.org/exceptions/no_such_element.html
Build info: version: '3.141.59', revision: 'e82be7d358', time: '2018-11-14T08:17:03'
System info: host: 'LAPTOP-VKFDTO5N', ip: '192.168.178.45', os.name: 'Windows 10', os.arch: 'amd64', os.version: '10.0', java.version: '11.0.14'
Driver info: org.openqa.selenium.chrome.ChromeDriver
Capabilities {acceptInsecureCerts: false, browserName: chrome, browserVersion: 100.0.4896.127, chrome: {chromedriverVersion: 100.0.4896.60 (6a5d10861ce8..., userDataDir: C:\Users\RODGER~1\AppData\L...}, goog:chromeOptions: {debuggerAddress: localhost:54600}, javascriptEnabled: true, networkConnectionEnabled: false, pageLoadStrategy: normal, platform: WINDOWS, platformName: WINDOWS, proxy: Proxy(), setWindowRect: true, strictFileInteractability: false, timeouts: {implicit: 0, pageLoad: 300000, script: 30000}, unhandledPromptBehavior: dismiss and notify, webauthn:extension:credBlob: true, webauthn:extension:largeBlob: true, webauthn:virtualAuthenticators: true}
Session ID: 2ebf4b6718a6ab5df27e3130085a9dd2
*** Element info: {Using=css selector, value=[href='/login']}
17:24:48.263 INFO  manager.MyListener - This is the link to screen with problem-->src/test/screenshots/screen-1486.png
