22:45:58.921 INFO  manager.ApplicationManager - The link is-->https://contacts-app.tobbymarshall815.vercel.app/home
22:45:58.966 INFO  tests.TestBase - Start test --->loginSuccessNew
22:45:58.969 INFO  manager.MyListener - 'Start find' element ---> By.xpath: //button[text()='Sing Out']
22:46:04.041 INFO  manager.MyListener - The element with locator ---> By.xpath: //button[text()='Sing Out'] <--- was found
22:46:04.049 INFO  tests.TestBase - Tests starts with email: kvitka@gmail.com and password:Kvi12345$
22:46:04.050 INFO  manager.MyListener - 'Start find' element ---> By.cssSelector: [href='/login']
22:46:04.070 INFO  manager.MyListener - The element with locator ---> By.cssSelector: [href='/login'] <--- was found
22:46:04.152 INFO  manager.MyListener - 'Start find' element ---> By.xpath: //input[1]
22:46:04.177 INFO  manager.MyListener - The element with locator ---> By.xpath: //input[1] <--- was found
22:46:04.302 INFO  manager.MyListener - 'Start find' element ---> By.xpath: //input[2]
22:46:04.318 INFO  manager.MyListener - The element with locator ---> By.xpath: //input[2] <--- was found
22:46:04.451 INFO  manager.MyListener - 'Start find' element ---> By.xpath: //*[text()=' Login']
22:46:04.475 INFO  manager.MyListener - The element with locator ---> By.xpath: //*[text()=' Login'] <--- was found
22:46:04.516 INFO  manager.MyListener - 'Start find' element ---> By.xpath: //*[text()='Sign Out']
22:46:04.986 INFO  manager.MyListener - The element with locator ---> By.xpath: //*[text()='Sign Out'] <--- was found
22:46:04.988 INFO  tests.TestBase - Test passed
22:46:04.991 INFO  tests.TestBase - Start test --->loginSuccessNew
22:46:04.991 INFO  manager.MyListener - 'Start find' element ---> By.xpath: //button[text()='Sing Out']
22:46:10.062 INFO  manager.MyListener - The element with locator ---> By.xpath: //button[text()='Sing Out'] <--- was found
22:46:10.062 INFO  tests.TestBase - Tests starts with email: mona@gmail.com and password:Mm12345$
22:46:10.063 INFO  manager.MyListener - 'Start find' element ---> By.cssSelector: [href='/login']
22:46:15.130 INFO  manager.MyListener - We have a 'throwable' -- >no such element: Unable to locate element: {"method":"css selector","selector":"[href='/login']"}
  (Session info: chrome=100.0.4896.127)
For documentation on this error, please visit: https://www.seleniumhq.org/exceptions/no_such_element.html
Build info: version: '3.141.59', revision: 'e82be7d358', time: '2018-11-14T08:17:03'
System info: host: 'LAPTOP-VKFDTO5N', ip: '192.168.178.45', os.name: 'Windows 10', os.arch: 'amd64', os.version: '10.0', java.version: '11.0.14'
Driver info: org.openqa.selenium.chrome.ChromeDriver
Capabilities {acceptInsecureCerts: false, browserName: chrome, browserVersion: 100.0.4896.127, chrome: {chromedriverVersion: 100.0.4896.60 (6a5d10861ce8..., userDataDir: C:\Users\RODGER~1\AppData\L...}, goog:chromeOptions: {debuggerAddress: localhost:63247}, javascriptEnabled: true, networkConnectionEnabled: false, pageLoadStrategy: normal, platform: WINDOWS, platformName: WINDOWS, proxy: Proxy(), setWindowRect: true, strictFileInteractability: false, timeouts: {implicit: 0, pageLoad: 300000, script: 30000}, unhandledPromptBehavior: dismiss and notify, webauthn:extension:credBlob: true, webauthn:extension:largeBlob: true, webauthn:virtualAuthenticators: true}
Session ID: 8f1069de102f7d0f18d083f2c2871567
*** Element info: {Using=css selector, value=[href='/login']}
22:46:15.131 INFO  manager.MyListener - We have a 'fill In StackTrace' -- >org.openqa.selenium.NoSuchElementException: no such element: Unable to locate element: {"method":"css selector","selector":"[href='/login']"}
  (Session info: chrome=100.0.4896.127)
For documentation on this error, please visit: https://www.seleniumhq.org/exceptions/no_such_element.html
Build info: version: '3.141.59', revision: 'e82be7d358', time: '2018-11-14T08:17:03'
System info: host: 'LAPTOP-VKFDTO5N', ip: '192.168.178.45', os.name: 'Windows 10', os.arch: 'amd64', os.version: '10.0', java.version: '11.0.14'
Driver info: org.openqa.selenium.chrome.ChromeDriver
Capabilities {acceptInsecureCerts: false, browserName: chrome, browserVersion: 100.0.4896.127, chrome: {chromedriverVersion: 100.0.4896.60 (6a5d10861ce8..., userDataDir: C:\Users\RODGER~1\AppData\L...}, goog:chromeOptions: {debuggerAddress: localhost:63247}, javascriptEnabled: true, networkConnectionEnabled: false, pageLoadStrategy: normal, platform: WINDOWS, platformName: WINDOWS, proxy: Proxy(), setWindowRect: true, strictFileInteractability: false, timeouts: {implicit: 0, pageLoad: 300000, script: 30000}, unhandledPromptBehavior: dismiss and notify, webauthn:extension:credBlob: true, webauthn:extension:largeBlob: true, webauthn:virtualAuthenticators: true}
Session ID: 8f1069de102f7d0f18d083f2c2871567
*** Element info: {Using=css selector, value=[href='/login']}
22:46:15.648 INFO  manager.MyListener - This is the link to screen with problem -->src/test/screenshots/screen-2775.png
22:46:15.650 INFO  tests.TestBase - Start test --->loginSuccessNew
22:46:15.651 INFO  manager.MyListener - 'Start find' element ---> By.xpath: //button[text()='Sing Out']
22:46:20.716 INFO  manager.MyListener - The element with locator ---> By.xpath: //button[text()='Sing Out'] <--- was found
22:46:20.717 INFO  tests.TestBase - Tests starts with email: zoa@gmail.com and password:Zoa12345$
22:46:20.717 INFO  manager.MyListener - 'Start find' element ---> By.cssSelector: [href='/login']
22:46:25.756 INFO  manager.MyListener - We have a 'throwable' -- >no such element: Unable to locate element: {"method":"css selector","selector":"[href='/login']"}
  (Session info: chrome=100.0.4896.127)
For documentation on this error, please visit: https://www.seleniumhq.org/exceptions/no_such_element.html
Build info: version: '3.141.59', revision: 'e82be7d358', time: '2018-11-14T08:17:03'
System info: host: 'LAPTOP-VKFDTO5N', ip: '192.168.178.45', os.name: 'Windows 10', os.arch: 'amd64', os.version: '10.0', java.version: '11.0.14'
Driver info: org.openqa.selenium.chrome.ChromeDriver
Capabilities {acceptInsecureCerts: false, browserName: chrome, browserVersion: 100.0.4896.127, chrome: {chromedriverVersion: 100.0.4896.60 (6a5d10861ce8..., userDataDir: C:\Users\RODGER~1\AppData\L...}, goog:chromeOptions: {debuggerAddress: localhost:63247}, javascriptEnabled: true, networkConnectionEnabled: false, pageLoadStrategy: normal, platform: WINDOWS, platformName: WINDOWS, proxy: Proxy(), setWindowRect: true, strictFileInteractability: false, timeouts: {implicit: 0, pageLoad: 300000, script: 30000}, unhandledPromptBehavior: dismiss and notify, webauthn:extension:credBlob: true, webauthn:extension:largeBlob: true, webauthn:virtualAuthenticators: true}
Session ID: 8f1069de102f7d0f18d083f2c2871567
*** Element info: {Using=css selector, value=[href='/login']}
22:46:25.756 INFO  manager.MyListener - We have a 'fill In StackTrace' -- >org.openqa.selenium.NoSuchElementException: no such element: Unable to locate element: {"method":"css selector","selector":"[href='/login']"}
  (Session info: chrome=100.0.4896.127)
For documentation on this error, please visit: https://www.seleniumhq.org/exceptions/no_such_element.html
Build info: version: '3.141.59', revision: 'e82be7d358', time: '2018-11-14T08:17:03'
System info: host: 'LAPTOP-VKFDTO5N', ip: '192.168.178.45', os.name: 'Windows 10', os.arch: 'amd64', os.version: '10.0', java.version: '11.0.14'
Driver info: org.openqa.selenium.chrome.ChromeDriver
Capabilities {acceptInsecureCerts: false, browserName: chrome, browserVersion: 100.0.4896.127, chrome: {chromedriverVersion: 100.0.4896.60 (6a5d10861ce8..., userDataDir: C:\Users\RODGER~1\AppData\L...}, goog:chromeOptions: {debuggerAddress: localhost:63247}, javascriptEnabled: true, networkConnectionEnabled: false, pageLoadStrategy: normal, platform: WINDOWS, platformName: WINDOWS, proxy: Proxy(), setWindowRect: true, strictFileInteractability: false, timeouts: {implicit: 0, pageLoad: 300000, script: 30000}, unhandledPromptBehavior: dismiss and notify, webauthn:extension:credBlob: true, webauthn:extension:largeBlob: true, webauthn:virtualAuthenticators: true}
Session ID: 8f1069de102f7d0f18d083f2c2871567
*** Element info: {Using=css selector, value=[href='/login']}
22:46:26.179 INFO  manager.MyListener - This is the link to screen with problem -->src/test/screenshots/screen-2785.png
22:46:26.181 INFO  tests.TestBase - Start test --->loginSuccessNew
22:46:26.181 INFO  manager.MyListener - 'Start find' element ---> By.xpath: //button[text()='Sing Out']
22:46:31.207 INFO  manager.MyListener - The element with locator ---> By.xpath: //button[text()='Sing Out'] <--- was found
22:46:31.208 INFO  tests.TestBase - Tests starts with email: wik416@gmail.com and password:Ww12345$
22:46:31.208 INFO  manager.MyListener - 'Start find' element ---> By.cssSelector: [href='/login']
22:46:36.244 INFO  manager.MyListener - We have a 'throwable' -- >no such element: Unable to locate element: {"method":"css selector","selector":"[href='/login']"}
  (Session info: chrome=100.0.4896.127)
For documentation on this error, please visit: https://www.seleniumhq.org/exceptions/no_such_element.html
Build info: version: '3.141.59', revision: 'e82be7d358', time: '2018-11-14T08:17:03'
System info: host: 'LAPTOP-VKFDTO5N', ip: '192.168.178.45', os.name: 'Windows 10', os.arch: 'amd64', os.version: '10.0', java.version: '11.0.14'
Driver info: org.openqa.selenium.chrome.ChromeDriver
Capabilities {acceptInsecureCerts: false, browserName: chrome, browserVersion: 100.0.4896.127, chrome: {chromedriverVersion: 100.0.4896.60 (6a5d10861ce8..., userDataDir: C:\Users\RODGER~1\AppData\L...}, goog:chromeOptions: {debuggerAddress: localhost:63247}, javascriptEnabled: true, networkConnectionEnabled: false, pageLoadStrategy: normal, platform: WINDOWS, platformName: WINDOWS, proxy: Proxy(), setWindowRect: true, strictFileInteractability: false, timeouts: {implicit: 0, pageLoad: 300000, script: 30000}, unhandledPromptBehavior: dismiss and notify, webauthn:extension:credBlob: true, webauthn:extension:largeBlob: true, webauthn:virtualAuthenticators: true}
Session ID: 8f1069de102f7d0f18d083f2c2871567
*** Element info: {Using=css selector, value=[href='/login']}
22:46:36.245 INFO  manager.MyListener - We have a 'fill In StackTrace' -- >org.openqa.selenium.NoSuchElementException: no such element: Unable to locate element: {"method":"css selector","selector":"[href='/login']"}
  (Session info: chrome=100.0.4896.127)
For documentation on this error, please visit: https://www.seleniumhq.org/exceptions/no_such_element.html
Build info: version: '3.141.59', revision: 'e82be7d358', time: '2018-11-14T08:17:03'
System info: host: 'LAPTOP-VKFDTO5N', ip: '192.168.178.45', os.name: 'Windows 10', os.arch: 'amd64', os.version: '10.0', java.version: '11.0.14'
Driver info: org.openqa.selenium.chrome.ChromeDriver
Capabilities {acceptInsecureCerts: false, browserName: chrome, browserVersion: 100.0.4896.127, chrome: {chromedriverVersion: 100.0.4896.60 (6a5d10861ce8..., userDataDir: C:\Users\RODGER~1\AppData\L...}, goog:chromeOptions: {debuggerAddress: localhost:63247}, javascriptEnabled: true, networkConnectionEnabled: false, pageLoadStrategy: normal, platform: WINDOWS, platformName: WINDOWS, proxy: Proxy(), setWindowRect: true, strictFileInteractability: false, timeouts: {implicit: 0, pageLoad: 300000, script: 30000}, unhandledPromptBehavior: dismiss and notify, webauthn:extension:credBlob: true, webauthn:extension:largeBlob: true, webauthn:virtualAuthenticators: true}
Session ID: 8f1069de102f7d0f18d083f2c2871567
*** Element info: {Using=css selector, value=[href='/login']}
22:46:36.848 INFO  manager.MyListener - This is the link to screen with problem -->src/test/screenshots/screen-2796.png
