17:19:28.827 INFO  manager.ApplicationManager - The link is-->https://contacts-app.tobbymarshall815.vercel.app/home
17:19:29.033 INFO  tests.TestBase - Start test --->loginModelDataProvider
17:19:29.041 INFO  manager.MyListener - 'Start find' element ---> By.xpath: //button[text()='Sing Out']
17:19:34.142 INFO  manager.MyListener - The Element with locator --->By.xpath: //button[text()='Sing Out']<-----was found
17:19:34.175 INFO  manager.MyListener - 'Start find' element ---> By.cssSelector: [href='/login']
17:19:34.220 INFO  manager.MyListener - The Element with locator --->By.cssSelector: [href='/login']<-----was found
17:19:34.515 INFO  manager.MyListener - 'Start find' element ---> By.xpath: //input[1]
17:19:34.577 INFO  manager.MyListener - The Element with locator --->By.xpath: //input[1]<-----was found
17:19:34.802 INFO  manager.MyListener - 'Start find' element ---> By.xpath: //input[2]
17:19:34.836 INFO  manager.MyListener - The Element with locator --->By.xpath: //input[2]<-----was found
17:19:35.000 INFO  manager.MyListener - 'Start find' element ---> By.xpath: //*[text()=' Login']
17:19:35.023 INFO  manager.MyListener - The Element with locator --->By.xpath: //*[text()=' Login']<-----was found
17:19:35.084 INFO  manager.MyListener - 'Start find' element ---> By.xpath: //*[text()='Sign Out']
17:19:35.589 INFO  manager.MyListener - The Element with locator --->By.xpath: //*[text()='Sign Out']<-----was found
17:19:35.613 INFO  tests.TestBase - Start test --->loginModelDataProvider
17:19:35.617 INFO  manager.MyListener - 'Start find' element ---> By.xpath: //button[text()='Sing Out']
17:19:40.682 INFO  manager.MyListener - The Element with locator --->By.xpath: //button[text()='Sing Out']<-----was found
17:19:40.683 INFO  manager.MyListener - 'Start find' element ---> By.cssSelector: [href='/login']
17:19:45.740 INFO  manager.MyListener - We have a 'throwbale'  ---->no such element: Unable to locate element: {"method":"css selector","selector":"[href='/login']"}
  (Session info: chrome=100.0.4896.127)
For documentation on this error, please visit: https://www.seleniumhq.org/exceptions/no_such_element.html
Build info: version: '3.141.59', revision: 'e82be7d358', time: '2018-11-14T08:17:03'
System info: host: 'LAPTOP-VKFDTO5N', ip: '192.168.178.45', os.name: 'Windows 10', os.arch: 'amd64', os.version: '10.0', java.version: '11.0.14'
Driver info: org.openqa.selenium.chrome.ChromeDriver
Capabilities {acceptInsecureCerts: false, browserName: chrome, browserVersion: 100.0.4896.127, chrome: {chromedriverVersion: 100.0.4896.60 (6a5d10861ce8..., userDataDir: C:\Users\RODGER~1\AppData\L...}, goog:chromeOptions: {debuggerAddress: localhost:54088}, javascriptEnabled: true, networkConnectionEnabled: false, pageLoadStrategy: normal, platform: WINDOWS, platformName: WINDOWS, proxy: Proxy(), setWindowRect: true, strictFileInteractability: false, timeouts: {implicit: 0, pageLoad: 300000, script: 30000}, unhandledPromptBehavior: dismiss and notify, webauthn:extension:credBlob: true, webauthn:extension:largeBlob: true, webauthn:virtualAuthenticators: true}
Session ID: d7c859ca45142ffb361a93ebf8ce5304
*** Element info: {Using=css selector, value=[href='/login']}
17:19:45.742 INFO  manager.MyListener - We have a 'fill In StackTrace'  ---->org.openqa.selenium.NoSuchElementException: no such element: Unable to locate element: {"method":"css selector","selector":"[href='/login']"}
  (Session info: chrome=100.0.4896.127)
For documentation on this error, please visit: https://www.seleniumhq.org/exceptions/no_such_element.html
Build info: version: '3.141.59', revision: 'e82be7d358', time: '2018-11-14T08:17:03'
System info: host: 'LAPTOP-VKFDTO5N', ip: '192.168.178.45', os.name: 'Windows 10', os.arch: 'amd64', os.version: '10.0', java.version: '11.0.14'
Driver info: org.openqa.selenium.chrome.ChromeDriver
Capabilities {acceptInsecureCerts: false, browserName: chrome, browserVersion: 100.0.4896.127, chrome: {chromedriverVersion: 100.0.4896.60 (6a5d10861ce8..., userDataDir: C:\Users\RODGER~1\AppData\L...}, goog:chromeOptions: {debuggerAddress: localhost:54088}, javascriptEnabled: true, networkConnectionEnabled: false, pageLoadStrategy: normal, platform: WINDOWS, platformName: WINDOWS, proxy: Proxy(), setWindowRect: true, strictFileInteractability: false, timeouts: {implicit: 0, pageLoad: 300000, script: 30000}, unhandledPromptBehavior: dismiss and notify, webauthn:extension:credBlob: true, webauthn:extension:largeBlob: true, webauthn:virtualAuthenticators: true}
Session ID: d7c859ca45142ffb361a93ebf8ce5304
*** Element info: {Using=css selector, value=[href='/login']}
17:19:47.283 INFO  manager.MyListener - This is the link to screen with problem-->src/test/screenshots/screen-1185.png
17:19:47.289 INFO  tests.TestBase - Start test --->loginModelDataProvider
17:19:47.293 INFO  manager.MyListener - 'Start find' element ---> By.xpath: //button[text()='Sing Out']
17:19:52.368 INFO  manager.MyListener - The Element with locator --->By.xpath: //button[text()='Sing Out']<-----was found
17:19:52.370 INFO  manager.MyListener - 'Start find' element ---> By.cssSelector: [href='/login']
17:19:57.408 INFO  manager.MyListener - We have a 'throwbale'  ---->no such element: Unable to locate element: {"method":"css selector","selector":"[href='/login']"}
  (Session info: chrome=100.0.4896.127)
For documentation on this error, please visit: https://www.seleniumhq.org/exceptions/no_such_element.html
Build info: version: '3.141.59', revision: 'e82be7d358', time: '2018-11-14T08:17:03'
System info: host: 'LAPTOP-VKFDTO5N', ip: '192.168.178.45', os.name: 'Windows 10', os.arch: 'amd64', os.version: '10.0', java.version: '11.0.14'
Driver info: org.openqa.selenium.chrome.ChromeDriver
Capabilities {acceptInsecureCerts: false, browserName: chrome, browserVersion: 100.0.4896.127, chrome: {chromedriverVersion: 100.0.4896.60 (6a5d10861ce8..., userDataDir: C:\Users\RODGER~1\AppData\L...}, goog:chromeOptions: {debuggerAddress: localhost:54088}, javascriptEnabled: true, networkConnectionEnabled: false, pageLoadStrategy: normal, platform: WINDOWS, platformName: WINDOWS, proxy: Proxy(), setWindowRect: true, strictFileInteractability: false, timeouts: {implicit: 0, pageLoad: 300000, script: 30000}, unhandledPromptBehavior: dismiss and notify, webauthn:extension:credBlob: true, webauthn:extension:largeBlob: true, webauthn:virtualAuthenticators: true}
Session ID: d7c859ca45142ffb361a93ebf8ce5304
*** Element info: {Using=css selector, value=[href='/login']}
17:19:57.411 INFO  manager.MyListener - We have a 'fill In StackTrace'  ---->org.openqa.selenium.NoSuchElementException: no such element: Unable to locate element: {"method":"css selector","selector":"[href='/login']"}
  (Session info: chrome=100.0.4896.127)
For documentation on this error, please visit: https://www.seleniumhq.org/exceptions/no_such_element.html
Build info: version: '3.141.59', revision: 'e82be7d358', time: '2018-11-14T08:17:03'
System info: host: 'LAPTOP-VKFDTO5N', ip: '192.168.178.45', os.name: 'Windows 10', os.arch: 'amd64', os.version: '10.0', java.version: '11.0.14'
Driver info: org.openqa.selenium.chrome.ChromeDriver
Capabilities {acceptInsecureCerts: false, browserName: chrome, browserVersion: 100.0.4896.127, chrome: {chromedriverVersion: 100.0.4896.60 (6a5d10861ce8..., userDataDir: C:\Users\RODGER~1\AppData\L...}, goog:chromeOptions: {debuggerAddress: localhost:54088}, javascriptEnabled: true, networkConnectionEnabled: false, pageLoadStrategy: normal, platform: WINDOWS, platformName: WINDOWS, proxy: Proxy(), setWindowRect: true, strictFileInteractability: false, timeouts: {implicit: 0, pageLoad: 300000, script: 30000}, unhandledPromptBehavior: dismiss and notify, webauthn:extension:credBlob: true, webauthn:extension:largeBlob: true, webauthn:virtualAuthenticators: true}
Session ID: d7c859ca45142ffb361a93ebf8ce5304
*** Element info: {Using=css selector, value=[href='/login']}
17:19:58.285 INFO  manager.MyListener - This is the link to screen with problem-->src/test/screenshots/screen-1197.png
17:19:58.292 INFO  tests.TestBase - Start test --->loginModelDataProvider
17:19:58.295 INFO  manager.MyListener - 'Start find' element ---> By.xpath: //button[text()='Sing Out']
17:20:03.347 INFO  manager.MyListener - The Element with locator --->By.xpath: //button[text()='Sing Out']<-----was found
17:20:03.350 INFO  manager.MyListener - 'Start find' element ---> By.cssSelector: [href='/login']
17:20:08.389 INFO  manager.MyListener - We have a 'throwbale'  ---->no such element: Unable to locate element: {"method":"css selector","selector":"[href='/login']"}
  (Session info: chrome=100.0.4896.127)
For documentation on this error, please visit: https://www.seleniumhq.org/exceptions/no_such_element.html
Build info: version: '3.141.59', revision: 'e82be7d358', time: '2018-11-14T08:17:03'
System info: host: 'LAPTOP-VKFDTO5N', ip: '192.168.178.45', os.name: 'Windows 10', os.arch: 'amd64', os.version: '10.0', java.version: '11.0.14'
Driver info: org.openqa.selenium.chrome.ChromeDriver
Capabilities {acceptInsecureCerts: false, browserName: chrome, browserVersion: 100.0.4896.127, chrome: {chromedriverVersion: 100.0.4896.60 (6a5d10861ce8..., userDataDir: C:\Users\RODGER~1\AppData\L...}, goog:chromeOptions: {debuggerAddress: localhost:54088}, javascriptEnabled: true, networkConnectionEnabled: false, pageLoadStrategy: normal, platform: WINDOWS, platformName: WINDOWS, proxy: Proxy(), setWindowRect: true, strictFileInteractability: false, timeouts: {implicit: 0, pageLoad: 300000, script: 30000}, unhandledPromptBehavior: dismiss and notify, webauthn:extension:credBlob: true, webauthn:extension:largeBlob: true, webauthn:virtualAuthenticators: true}
Session ID: d7c859ca45142ffb361a93ebf8ce5304
*** Element info: {Using=css selector, value=[href='/login']}
17:20:08.392 INFO  manager.MyListener - We have a 'fill In StackTrace'  ---->org.openqa.selenium.NoSuchElementException: no such element: Unable to locate element: {"method":"css selector","selector":"[href='/login']"}
  (Session info: chrome=100.0.4896.127)
For documentation on this error, please visit: https://www.seleniumhq.org/exceptions/no_such_element.html
Build info: version: '3.141.59', revision: 'e82be7d358', time: '2018-11-14T08:17:03'
System info: host: 'LAPTOP-VKFDTO5N', ip: '192.168.178.45', os.name: 'Windows 10', os.arch: 'amd64', os.version: '10.0', java.version: '11.0.14'
Driver info: org.openqa.selenium.chrome.ChromeDriver
Capabilities {acceptInsecureCerts: false, browserName: chrome, browserVersion: 100.0.4896.127, chrome: {chromedriverVersion: 100.0.4896.60 (6a5d10861ce8..., userDataDir: C:\Users\RODGER~1\AppData\L...}, goog:chromeOptions: {debuggerAddress: localhost:54088}, javascriptEnabled: true, networkConnectionEnabled: false, pageLoadStrategy: normal, platform: WINDOWS, platformName: WINDOWS, proxy: Proxy(), setWindowRect: true, strictFileInteractability: false, timeouts: {implicit: 0, pageLoad: 300000, script: 30000}, unhandledPromptBehavior: dismiss and notify, webauthn:extension:credBlob: true, webauthn:extension:largeBlob: true, webauthn:virtualAuthenticators: true}
Session ID: d7c859ca45142ffb361a93ebf8ce5304
*** Element info: {Using=css selector, value=[href='/login']}
17:20:29.685 INFO  manager.MyListener - This is the link to screen with problem-->src/test/screenshots/screen-1208.png
