22:49:25.630 INFO  manager.ApplicationManager - The link is-->https://contacts-app.tobbymarshall815.vercel.app/home
22:49:25.677 INFO  tests.TestBase - Start test --->loginSuccessNew
22:49:25.680 INFO  manager.MyListener - 'Start find' element ---> By.xpath: //button[text()='Sing Out']
22:49:30.735 INFO  manager.MyListener - The element with locator ---> By.xpath: //button[text()='Sing Out'] <--- was found
22:49:30.743 INFO  tests.TestBase - Tests starts with email: kvitka@gmail.com and password:Kvi12345$
22:49:30.744 INFO  manager.MyListener - 'Start find' element ---> By.cssSelector: [href='/login']
22:49:30.766 INFO  manager.MyListener - The element with locator ---> By.cssSelector: [href='/login'] <--- was found
22:49:30.848 INFO  manager.MyListener - 'Start find' element ---> By.xpath: //input[1]
22:49:30.877 INFO  manager.MyListener - The element with locator ---> By.xpath: //input[1] <--- was found
22:49:31.018 INFO  manager.MyListener - 'Start find' element ---> By.xpath: //input[2]
22:49:31.044 INFO  manager.MyListener - The element with locator ---> By.xpath: //input[2] <--- was found
22:49:31.167 INFO  manager.MyListener - 'Start find' element ---> By.xpath: //*[text()=' Login']
22:49:31.182 INFO  manager.MyListener - The element with locator ---> By.xpath: //*[text()=' Login'] <--- was found
22:49:31.220 INFO  manager.MyListener - 'Start find' element ---> By.xpath: //*[text()='Sign Out']
22:49:31.677 INFO  manager.MyListener - The element with locator ---> By.xpath: //*[text()='Sign Out'] <--- was found
22:49:31.679 INFO  tests.TestBase - Test passed
22:49:31.681 INFO  tests.TestBase - Start test --->loginSuccessNew
22:49:31.682 INFO  manager.MyListener - 'Start find' element ---> By.xpath: //button[text()='Sing Out']
22:49:36.706 INFO  manager.MyListener - The element with locator ---> By.xpath: //button[text()='Sing Out'] <--- was found
22:49:36.707 INFO  tests.TestBase - Tests starts with email: mona@gmail.com and password:Mm12345$
22:49:36.708 INFO  manager.MyListener - 'Start find' element ---> By.cssSelector: [href='/login']
22:49:41.762 INFO  manager.MyListener - We have a 'throwable' -- >no such element: Unable to locate element: {"method":"css selector","selector":"[href='/login']"}
  (Session info: chrome=100.0.4896.127)
For documentation on this error, please visit: https://www.seleniumhq.org/exceptions/no_such_element.html
Build info: version: '3.141.59', revision: 'e82be7d358', time: '2018-11-14T08:17:03'
System info: host: 'LAPTOP-VKFDTO5N', ip: '192.168.178.45', os.name: 'Windows 10', os.arch: 'amd64', os.version: '10.0', java.version: '11.0.14'
Driver info: org.openqa.selenium.chrome.ChromeDriver
Capabilities {acceptInsecureCerts: false, browserName: chrome, browserVersion: 100.0.4896.127, chrome: {chromedriverVersion: 100.0.4896.60 (6a5d10861ce8..., userDataDir: C:\Users\RODGER~1\AppData\L...}, goog:chromeOptions: {debuggerAddress: localhost:63398}, javascriptEnabled: true, networkConnectionEnabled: false, pageLoadStrategy: normal, platform: WINDOWS, platformName: WINDOWS, proxy: Proxy(), setWindowRect: true, strictFileInteractability: false, timeouts: {implicit: 0, pageLoad: 300000, script: 30000}, unhandledPromptBehavior: dismiss and notify, webauthn:extension:credBlob: true, webauthn:extension:largeBlob: true, webauthn:virtualAuthenticators: true}
Session ID: cd099f9055010184bd92562105001458
*** Element info: {Using=css selector, value=[href='/login']}
22:49:41.762 INFO  manager.MyListener - We have a 'fill In StackTrace' -- >org.openqa.selenium.NoSuchElementException: no such element: Unable to locate element: {"method":"css selector","selector":"[href='/login']"}
  (Session info: chrome=100.0.4896.127)
For documentation on this error, please visit: https://www.seleniumhq.org/exceptions/no_such_element.html
Build info: version: '3.141.59', revision: 'e82be7d358', time: '2018-11-14T08:17:03'
System info: host: 'LAPTOP-VKFDTO5N', ip: '192.168.178.45', os.name: 'Windows 10', os.arch: 'amd64', os.version: '10.0', java.version: '11.0.14'
Driver info: org.openqa.selenium.chrome.ChromeDriver
Capabilities {acceptInsecureCerts: false, browserName: chrome, browserVersion: 100.0.4896.127, chrome: {chromedriverVersion: 100.0.4896.60 (6a5d10861ce8..., userDataDir: C:\Users\RODGER~1\AppData\L...}, goog:chromeOptions: {debuggerAddress: localhost:63398}, javascriptEnabled: true, networkConnectionEnabled: false, pageLoadStrategy: normal, platform: WINDOWS, platformName: WINDOWS, proxy: Proxy(), setWindowRect: true, strictFileInteractability: false, timeouts: {implicit: 0, pageLoad: 300000, script: 30000}, unhandledPromptBehavior: dismiss and notify, webauthn:extension:credBlob: true, webauthn:extension:largeBlob: true, webauthn:virtualAuthenticators: true}
Session ID: cd099f9055010184bd92562105001458
*** Element info: {Using=css selector, value=[href='/login']}
22:49:42.204 INFO  manager.MyListener - This is the link to screen with problem -->src/test/screenshots/screen-2981.png
22:49:42.205 INFO  tests.TestBase - Start test --->loginSuccessNew
22:49:42.206 INFO  manager.MyListener - 'Start find' element ---> By.xpath: //button[text()='Sing Out']
22:49:47.275 INFO  manager.MyListener - The element with locator ---> By.xpath: //button[text()='Sing Out'] <--- was found
22:49:47.275 INFO  tests.TestBase - Tests starts with email: zoa@gmail.com and password:Zoa12345$
22:49:47.276 INFO  manager.MyListener - 'Start find' element ---> By.cssSelector: [href='/login']
22:49:52.322 INFO  manager.MyListener - We have a 'throwable' -- >no such element: Unable to locate element: {"method":"css selector","selector":"[href='/login']"}
  (Session info: chrome=100.0.4896.127)
For documentation on this error, please visit: https://www.seleniumhq.org/exceptions/no_such_element.html
Build info: version: '3.141.59', revision: 'e82be7d358', time: '2018-11-14T08:17:03'
System info: host: 'LAPTOP-VKFDTO5N', ip: '192.168.178.45', os.name: 'Windows 10', os.arch: 'amd64', os.version: '10.0', java.version: '11.0.14'
Driver info: org.openqa.selenium.chrome.ChromeDriver
Capabilities {acceptInsecureCerts: false, browserName: chrome, browserVersion: 100.0.4896.127, chrome: {chromedriverVersion: 100.0.4896.60 (6a5d10861ce8..., userDataDir: C:\Users\RODGER~1\AppData\L...}, goog:chromeOptions: {debuggerAddress: localhost:63398}, javascriptEnabled: true, networkConnectionEnabled: false, pageLoadStrategy: normal, platform: WINDOWS, platformName: WINDOWS, proxy: Proxy(), setWindowRect: true, strictFileInteractability: false, timeouts: {implicit: 0, pageLoad: 300000, script: 30000}, unhandledPromptBehavior: dismiss and notify, webauthn:extension:credBlob: true, webauthn:extension:largeBlob: true, webauthn:virtualAuthenticators: true}
Session ID: cd099f9055010184bd92562105001458
*** Element info: {Using=css selector, value=[href='/login']}
22:49:52.323 INFO  manager.MyListener - We have a 'fill In StackTrace' -- >org.openqa.selenium.NoSuchElementException: no such element: Unable to locate element: {"method":"css selector","selector":"[href='/login']"}
  (Session info: chrome=100.0.4896.127)
For documentation on this error, please visit: https://www.seleniumhq.org/exceptions/no_such_element.html
Build info: version: '3.141.59', revision: 'e82be7d358', time: '2018-11-14T08:17:03'
System info: host: 'LAPTOP-VKFDTO5N', ip: '192.168.178.45', os.name: 'Windows 10', os.arch: 'amd64', os.version: '10.0', java.version: '11.0.14'
Driver info: org.openqa.selenium.chrome.ChromeDriver
Capabilities {acceptInsecureCerts: false, browserName: chrome, browserVersion: 100.0.4896.127, chrome: {chromedriverVersion: 100.0.4896.60 (6a5d10861ce8..., userDataDir: C:\Users\RODGER~1\AppData\L...}, goog:chromeOptions: {debuggerAddress: localhost:63398}, javascriptEnabled: true, networkConnectionEnabled: false, pageLoadStrategy: normal, platform: WINDOWS, platformName: WINDOWS, proxy: Proxy(), setWindowRect: true, strictFileInteractability: false, timeouts: {implicit: 0, pageLoad: 300000, script: 30000}, unhandledPromptBehavior: dismiss and notify, webauthn:extension:credBlob: true, webauthn:extension:largeBlob: true, webauthn:virtualAuthenticators: true}
Session ID: cd099f9055010184bd92562105001458
*** Element info: {Using=css selector, value=[href='/login']}
22:49:52.676 INFO  manager.MyListener - This is the link to screen with problem -->src/test/screenshots/screen-2992.png
22:49:52.677 INFO  tests.TestBase - Start test --->loginSuccessNew
22:49:52.678 INFO  manager.MyListener - 'Start find' element ---> By.xpath: //button[text()='Sing Out']
22:49:57.726 INFO  manager.MyListener - The element with locator ---> By.xpath: //button[text()='Sing Out'] <--- was found
22:49:57.727 INFO  tests.TestBase - Tests starts with email: wik416@gmail.com and password:Ww12345$
22:49:57.727 INFO  manager.MyListener - 'Start find' element ---> By.cssSelector: [href='/login']
22:50:02.782 INFO  manager.MyListener - We have a 'throwable' -- >no such element: Unable to locate element: {"method":"css selector","selector":"[href='/login']"}
  (Session info: chrome=100.0.4896.127)
For documentation on this error, please visit: https://www.seleniumhq.org/exceptions/no_such_element.html
Build info: version: '3.141.59', revision: 'e82be7d358', time: '2018-11-14T08:17:03'
System info: host: 'LAPTOP-VKFDTO5N', ip: '192.168.178.45', os.name: 'Windows 10', os.arch: 'amd64', os.version: '10.0', java.version: '11.0.14'
Driver info: org.openqa.selenium.chrome.ChromeDriver
Capabilities {acceptInsecureCerts: false, browserName: chrome, browserVersion: 100.0.4896.127, chrome: {chromedriverVersion: 100.0.4896.60 (6a5d10861ce8..., userDataDir: C:\Users\RODGER~1\AppData\L...}, goog:chromeOptions: {debuggerAddress: localhost:63398}, javascriptEnabled: true, networkConnectionEnabled: false, pageLoadStrategy: normal, platform: WINDOWS, platformName: WINDOWS, proxy: Proxy(), setWindowRect: true, strictFileInteractability: false, timeouts: {implicit: 0, pageLoad: 300000, script: 30000}, unhandledPromptBehavior: dismiss and notify, webauthn:extension:credBlob: true, webauthn:extension:largeBlob: true, webauthn:virtualAuthenticators: true}
Session ID: cd099f9055010184bd92562105001458
*** Element info: {Using=css selector, value=[href='/login']}
22:50:02.783 INFO  manager.MyListener - We have a 'fill In StackTrace' -- >org.openqa.selenium.NoSuchElementException: no such element: Unable to locate element: {"method":"css selector","selector":"[href='/login']"}
  (Session info: chrome=100.0.4896.127)
For documentation on this error, please visit: https://www.seleniumhq.org/exceptions/no_such_element.html
Build info: version: '3.141.59', revision: 'e82be7d358', time: '2018-11-14T08:17:03'
System info: host: 'LAPTOP-VKFDTO5N', ip: '192.168.178.45', os.name: 'Windows 10', os.arch: 'amd64', os.version: '10.0', java.version: '11.0.14'
Driver info: org.openqa.selenium.chrome.ChromeDriver
Capabilities {acceptInsecureCerts: false, browserName: chrome, browserVersion: 100.0.4896.127, chrome: {chromedriverVersion: 100.0.4896.60 (6a5d10861ce8..., userDataDir: C:\Users\RODGER~1\AppData\L...}, goog:chromeOptions: {debuggerAddress: localhost:63398}, javascriptEnabled: true, networkConnectionEnabled: false, pageLoadStrategy: normal, platform: WINDOWS, platformName: WINDOWS, proxy: Proxy(), setWindowRect: true, strictFileInteractability: false, timeouts: {implicit: 0, pageLoad: 300000, script: 30000}, unhandledPromptBehavior: dismiss and notify, webauthn:extension:credBlob: true, webauthn:extension:largeBlob: true, webauthn:virtualAuthenticators: true}
Session ID: cd099f9055010184bd92562105001458
*** Element info: {Using=css selector, value=[href='/login']}
22:50:03.142 INFO  manager.MyListener - This is the link to screen with problem -->src/test/screenshots/screen-3002.png
