17:08:31.793 INFO  manager.ApplicationManager - The link is-->https://contacts-app.tobbymarshall815.vercel.app/home
17:08:32.229 INFO  tests.TestBase - Start test --->loginSuccessNew
17:08:32.232 INFO  manager.MyListener - 'Start find' element ---> By.xpath: //button[text()='Sing Out']
17:08:37.465 INFO  manager.MyListener - The Element with locator --->By.xpath: //button[text()='Sing Out']<-----was found
17:08:37.508 INFO  tests.TestBase - Tests starts with email: kvitka@gmail.com and password:Kvi12345$
17:08:37.510 INFO  manager.MyListener - 'Start find' element ---> By.cssSelector: [href='/login']
17:08:37.567 INFO  manager.MyListener - The Element with locator --->By.cssSelector: [href='/login']<-----was found
17:08:37.860 INFO  manager.MyListener - 'Start find' element ---> By.xpath: //input[1]
17:08:37.894 INFO  manager.MyListener - The Element with locator --->By.xpath: //input[1]<-----was found
17:08:38.223 INFO  manager.MyListener - 'Start find' element ---> By.xpath: //input[2]
17:08:38.251 INFO  manager.MyListener - The Element with locator --->By.xpath: //input[2]<-----was found
17:08:38.454 INFO  manager.MyListener - 'Start find' element ---> By.xpath: //*[text()=' Login']
17:08:38.492 INFO  manager.MyListener - The Element with locator --->By.xpath: //*[text()=' Login']<-----was found
17:08:38.568 INFO  manager.MyListener - 'Start find' element ---> By.xpath: //*[text()='Sign Out']
17:08:39.291 INFO  manager.MyListener - The Element with locator --->By.xpath: //*[text()='Sign Out']<-----was found
17:08:39.297 INFO  tests.TestBase - Test passed
17:08:39.303 INFO  tests.TestBase - Start test --->loginSuccessNew
17:08:39.307 INFO  manager.MyListener - 'Start find' element ---> By.xpath: //button[text()='Sing Out']
17:08:44.366 INFO  manager.MyListener - The Element with locator --->By.xpath: //button[text()='Sing Out']<-----was found
17:08:44.367 INFO  tests.TestBase - Tests starts with email: kvitka@gmail.com and password:Kvi12345$
17:08:44.368 INFO  manager.MyListener - 'Start find' element ---> By.cssSelector: [href='/login']
17:08:49.476 INFO  manager.MyListener - We have a 'throwbale'  ---->no such element: Unable to locate element: {"method":"css selector","selector":"[href='/login']"}
  (Session info: chrome=100.0.4896.127)
For documentation on this error, please visit: https://www.seleniumhq.org/exceptions/no_such_element.html
Build info: version: '3.141.59', revision: 'e82be7d358', time: '2018-11-14T08:17:03'
System info: host: 'LAPTOP-VKFDTO5N', ip: '192.168.178.45', os.name: 'Windows 10', os.arch: 'amd64', os.version: '10.0', java.version: '11.0.14'
Driver info: org.openqa.selenium.chrome.ChromeDriver
Capabilities {acceptInsecureCerts: false, browserName: chrome, browserVersion: 100.0.4896.127, chrome: {chromedriverVersion: 100.0.4896.60 (6a5d10861ce8..., userDataDir: C:\Users\RODGER~1\AppData\L...}, goog:chromeOptions: {debuggerAddress: localhost:52114}, javascriptEnabled: true, networkConnectionEnabled: false, pageLoadStrategy: normal, platform: WINDOWS, platformName: WINDOWS, proxy: Proxy(), setWindowRect: true, strictFileInteractability: false, timeouts: {implicit: 0, pageLoad: 300000, script: 30000}, unhandledPromptBehavior: dismiss and notify, webauthn:extension:credBlob: true, webauthn:extension:largeBlob: true, webauthn:virtualAuthenticators: true}
Session ID: 9f39c2740ecc53ead7d4ac7fd593ca8f
*** Element info: {Using=css selector, value=[href='/login']}
17:08:49.479 INFO  manager.MyListener - We have a 'fill In StackTrace'  ---->org.openqa.selenium.NoSuchElementException: no such element: Unable to locate element: {"method":"css selector","selector":"[href='/login']"}
  (Session info: chrome=100.0.4896.127)
For documentation on this error, please visit: https://www.seleniumhq.org/exceptions/no_such_element.html
Build info: version: '3.141.59', revision: 'e82be7d358', time: '2018-11-14T08:17:03'
System info: host: 'LAPTOP-VKFDTO5N', ip: '192.168.178.45', os.name: 'Windows 10', os.arch: 'amd64', os.version: '10.0', java.version: '11.0.14'
Driver info: org.openqa.selenium.chrome.ChromeDriver
Capabilities {acceptInsecureCerts: false, browserName: chrome, browserVersion: 100.0.4896.127, chrome: {chromedriverVersion: 100.0.4896.60 (6a5d10861ce8..., userDataDir: C:\Users\RODGER~1\AppData\L...}, goog:chromeOptions: {debuggerAddress: localhost:52114}, javascriptEnabled: true, networkConnectionEnabled: false, pageLoadStrategy: normal, platform: WINDOWS, platformName: WINDOWS, proxy: Proxy(), setWindowRect: true, strictFileInteractability: false, timeouts: {implicit: 0, pageLoad: 300000, script: 30000}, unhandledPromptBehavior: dismiss and notify, webauthn:extension:credBlob: true, webauthn:extension:largeBlob: true, webauthn:virtualAuthenticators: true}
Session ID: 9f39c2740ecc53ead7d4ac7fd593ca8f
*** Element info: {Using=css selector, value=[href='/login']}
17:08:52.207 INFO  manager.MyListener - This is the link to screen with problem-->src/test/screenshots/screen-529.png
17:08:52.217 INFO  tests.TestBase - Start test --->loginSuccessNew
17:08:52.222 INFO  manager.MyListener - 'Start find' element ---> By.xpath: //button[text()='Sing Out']
17:08:57.294 INFO  manager.MyListener - The Element with locator --->By.xpath: //button[text()='Sing Out']<-----was found
17:08:57.297 INFO  tests.TestBase - Tests starts with email: kvitka@gmail.com and password:Kvi12345$
17:08:57.299 INFO  manager.MyListener - 'Start find' element ---> By.cssSelector: [href='/login']
17:09:02.387 INFO  manager.MyListener - We have a 'throwbale'  ---->no such element: Unable to locate element: {"method":"css selector","selector":"[href='/login']"}
  (Session info: chrome=100.0.4896.127)
For documentation on this error, please visit: https://www.seleniumhq.org/exceptions/no_such_element.html
Build info: version: '3.141.59', revision: 'e82be7d358', time: '2018-11-14T08:17:03'
System info: host: 'LAPTOP-VKFDTO5N', ip: '192.168.178.45', os.name: 'Windows 10', os.arch: 'amd64', os.version: '10.0', java.version: '11.0.14'
Driver info: org.openqa.selenium.chrome.ChromeDriver
Capabilities {acceptInsecureCerts: false, browserName: chrome, browserVersion: 100.0.4896.127, chrome: {chromedriverVersion: 100.0.4896.60 (6a5d10861ce8..., userDataDir: C:\Users\RODGER~1\AppData\L...}, goog:chromeOptions: {debuggerAddress: localhost:52114}, javascriptEnabled: true, networkConnectionEnabled: false, pageLoadStrategy: normal, platform: WINDOWS, platformName: WINDOWS, proxy: Proxy(), setWindowRect: true, strictFileInteractability: false, timeouts: {implicit: 0, pageLoad: 300000, script: 30000}, unhandledPromptBehavior: dismiss and notify, webauthn:extension:credBlob: true, webauthn:extension:largeBlob: true, webauthn:virtualAuthenticators: true}
Session ID: 9f39c2740ecc53ead7d4ac7fd593ca8f
*** Element info: {Using=css selector, value=[href='/login']}
17:09:02.389 INFO  manager.MyListener - We have a 'fill In StackTrace'  ---->org.openqa.selenium.NoSuchElementException: no such element: Unable to locate element: {"method":"css selector","selector":"[href='/login']"}
  (Session info: chrome=100.0.4896.127)
For documentation on this error, please visit: https://www.seleniumhq.org/exceptions/no_such_element.html
Build info: version: '3.141.59', revision: 'e82be7d358', time: '2018-11-14T08:17:03'
System info: host: 'LAPTOP-VKFDTO5N', ip: '192.168.178.45', os.name: 'Windows 10', os.arch: 'amd64', os.version: '10.0', java.version: '11.0.14'
Driver info: org.openqa.selenium.chrome.ChromeDriver
Capabilities {acceptInsecureCerts: false, browserName: chrome, browserVersion: 100.0.4896.127, chrome: {chromedriverVersion: 100.0.4896.60 (6a5d10861ce8..., userDataDir: C:\Users\RODGER~1\AppData\L...}, goog:chromeOptions: {debuggerAddress: localhost:52114}, javascriptEnabled: true, networkConnectionEnabled: false, pageLoadStrategy: normal, platform: WINDOWS, platformName: WINDOWS, proxy: Proxy(), setWindowRect: true, strictFileInteractability: false, timeouts: {implicit: 0, pageLoad: 300000, script: 30000}, unhandledPromptBehavior: dismiss and notify, webauthn:extension:credBlob: true, webauthn:extension:largeBlob: true, webauthn:virtualAuthenticators: true}
Session ID: 9f39c2740ecc53ead7d4ac7fd593ca8f
*** Element info: {Using=css selector, value=[href='/login']}
17:09:04.187 INFO  manager.MyListener - This is the link to screen with problem-->src/test/screenshots/screen-542.png
17:09:04.202 INFO  tests.TestBase - Start test --->loginSuccessNew
17:09:04.205 INFO  manager.MyListener - 'Start find' element ---> By.xpath: //button[text()='Sing Out']
17:09:09.315 INFO  manager.MyListener - The Element with locator --->By.xpath: //button[text()='Sing Out']<-----was found
17:09:09.318 INFO  tests.TestBase - Tests starts with email: kvitka@gmail.com and password:Kvi12345$
17:09:09.319 INFO  manager.MyListener - 'Start find' element ---> By.cssSelector: [href='/login']
17:09:14.360 INFO  manager.MyListener - We have a 'throwbale'  ---->no such element: Unable to locate element: {"method":"css selector","selector":"[href='/login']"}
  (Session info: chrome=100.0.4896.127)
For documentation on this error, please visit: https://www.seleniumhq.org/exceptions/no_such_element.html
Build info: version: '3.141.59', revision: 'e82be7d358', time: '2018-11-14T08:17:03'
System info: host: 'LAPTOP-VKFDTO5N', ip: '192.168.178.45', os.name: 'Windows 10', os.arch: 'amd64', os.version: '10.0', java.version: '11.0.14'
Driver info: org.openqa.selenium.chrome.ChromeDriver
Capabilities {acceptInsecureCerts: false, browserName: chrome, browserVersion: 100.0.4896.127, chrome: {chromedriverVersion: 100.0.4896.60 (6a5d10861ce8..., userDataDir: C:\Users\RODGER~1\AppData\L...}, goog:chromeOptions: {debuggerAddress: localhost:52114}, javascriptEnabled: true, networkConnectionEnabled: false, pageLoadStrategy: normal, platform: WINDOWS, platformName: WINDOWS, proxy: Proxy(), setWindowRect: true, strictFileInteractability: false, timeouts: {implicit: 0, pageLoad: 300000, script: 30000}, unhandledPromptBehavior: dismiss and notify, webauthn:extension:credBlob: true, webauthn:extension:largeBlob: true, webauthn:virtualAuthenticators: true}
Session ID: 9f39c2740ecc53ead7d4ac7fd593ca8f
*** Element info: {Using=css selector, value=[href='/login']}
17:09:14.361 INFO  manager.MyListener - We have a 'fill In StackTrace'  ---->org.openqa.selenium.NoSuchElementException: no such element: Unable to locate element: {"method":"css selector","selector":"[href='/login']"}
  (Session info: chrome=100.0.4896.127)
For documentation on this error, please visit: https://www.seleniumhq.org/exceptions/no_such_element.html
Build info: version: '3.141.59', revision: 'e82be7d358', time: '2018-11-14T08:17:03'
System info: host: 'LAPTOP-VKFDTO5N', ip: '192.168.178.45', os.name: 'Windows 10', os.arch: 'amd64', os.version: '10.0', java.version: '11.0.14'
Driver info: org.openqa.selenium.chrome.ChromeDriver
Capabilities {acceptInsecureCerts: false, browserName: chrome, browserVersion: 100.0.4896.127, chrome: {chromedriverVersion: 100.0.4896.60 (6a5d10861ce8..., userDataDir: C:\Users\RODGER~1\AppData\L...}, goog:chromeOptions: {debuggerAddress: localhost:52114}, javascriptEnabled: true, networkConnectionEnabled: false, pageLoadStrategy: normal, platform: WINDOWS, platformName: WINDOWS, proxy: Proxy(), setWindowRect: true, strictFileInteractability: false, timeouts: {implicit: 0, pageLoad: 300000, script: 30000}, unhandledPromptBehavior: dismiss and notify, webauthn:extension:credBlob: true, webauthn:extension:largeBlob: true, webauthn:virtualAuthenticators: true}
Session ID: 9f39c2740ecc53ead7d4ac7fd593ca8f
*** Element info: {Using=css selector, value=[href='/login']}
17:09:15.338 INFO  manager.MyListener - This is the link to screen with problem-->src/test/screenshots/screen-554.png
