16:23:07.732 INFO  manager.ApplicationManager - The link is-->https://contacts-app.tobbymarshall815.vercel.app/home
16:23:07.938 INFO  tests.TestBase - Start test --->loginSuccessNew
16:23:07.940 INFO  manager.MyListener - 'Start find' element ---> By.xpath: //*[text()='Sing Out']
16:23:12.977 INFO  manager.MyListener - The element with locator ---> By.xpath: //*[text()='Sing Out'] <--- was found
16:23:12.988 INFO  tests.TestBase - Tests starts with email: kvitka@gmail.com and password:Kvi12345$
16:23:12.988 INFO  manager.MyListener - 'Start find' element ---> By.cssSelector: [href='/login']
16:23:13.018 INFO  manager.MyListener - The element with locator ---> By.cssSelector: [href='/login'] <--- was found
16:23:13.113 INFO  manager.MyListener - 'Start find' element ---> By.xpath: //input[1]
16:23:13.144 INFO  manager.MyListener - The element with locator ---> By.xpath: //input[1] <--- was found
16:23:13.292 INFO  manager.MyListener - 'Start find' element ---> By.xpath: //input[2]
16:23:13.312 INFO  manager.MyListener - The element with locator ---> By.xpath: //input[2] <--- was found
16:23:13.426 INFO  manager.MyListener - 'Start find' element ---> By.xpath: //*[text()=' Login']
16:23:13.441 INFO  manager.MyListener - The element with locator ---> By.xpath: //*[text()=' Login'] <--- was found
16:23:13.486 INFO  manager.MyListener - 'Start find' element ---> By.xpath: //*[text()='Sign Out']
16:23:14.058 INFO  manager.MyListener - The element with locator ---> By.xpath: //*[text()='Sign Out'] <--- was found
16:23:14.060 INFO  tests.TestBase - Test passed
16:23:14.063 INFO  tests.TestBase - Start test --->loginSuccessNew
16:23:14.063 INFO  manager.MyListener - 'Start find' element ---> By.xpath: //*[text()='Sing Out']
16:23:19.079 INFO  manager.MyListener - The element with locator ---> By.xpath: //*[text()='Sing Out'] <--- was found
16:23:19.080 INFO  tests.TestBase - Tests starts with email: mona@gmail.com and password:Mm12345$
16:23:19.080 INFO  manager.MyListener - 'Start find' element ---> By.cssSelector: [href='/login']
16:23:24.145 INFO  manager.MyListener - We have a 'throwable' -- >no such element: Unable to locate element: {"method":"css selector","selector":"[href='/login']"}
  (Session info: chrome=100.0.4896.127)
For documentation on this error, please visit: https://www.seleniumhq.org/exceptions/no_such_element.html
Build info: version: '3.141.59', revision: 'e82be7d358', time: '2018-11-14T08:17:03'
System info: host: 'LAPTOP-VKFDTO5N', ip: '192.168.178.45', os.name: 'Windows 10', os.arch: 'amd64', os.version: '10.0', java.version: '11.0.14'
Driver info: org.openqa.selenium.chrome.ChromeDriver
Capabilities {acceptInsecureCerts: false, browserName: chrome, browserVersion: 100.0.4896.127, chrome: {chromedriverVersion: 100.0.4896.60 (6a5d10861ce8..., userDataDir: C:\Users\RODGER~1\AppData\L...}, goog:chromeOptions: {debuggerAddress: localhost:49272}, javascriptEnabled: true, networkConnectionEnabled: false, pageLoadStrategy: normal, platform: WINDOWS, platformName: WINDOWS, proxy: Proxy(), setWindowRect: true, strictFileInteractability: false, timeouts: {implicit: 0, pageLoad: 300000, script: 30000}, unhandledPromptBehavior: dismiss and notify, webauthn:extension:credBlob: true, webauthn:extension:largeBlob: true, webauthn:virtualAuthenticators: true}
Session ID: dd5adb283262876976539ea564f636e8
*** Element info: {Using=css selector, value=[href='/login']}
16:23:24.146 INFO  manager.MyListener - We have a 'fill In StackTrace' -- >org.openqa.selenium.NoSuchElementException: no such element: Unable to locate element: {"method":"css selector","selector":"[href='/login']"}
  (Session info: chrome=100.0.4896.127)
For documentation on this error, please visit: https://www.seleniumhq.org/exceptions/no_such_element.html
Build info: version: '3.141.59', revision: 'e82be7d358', time: '2018-11-14T08:17:03'
System info: host: 'LAPTOP-VKFDTO5N', ip: '192.168.178.45', os.name: 'Windows 10', os.arch: 'amd64', os.version: '10.0', java.version: '11.0.14'
Driver info: org.openqa.selenium.chrome.ChromeDriver
Capabilities {acceptInsecureCerts: false, browserName: chrome, browserVersion: 100.0.4896.127, chrome: {chromedriverVersion: 100.0.4896.60 (6a5d10861ce8..., userDataDir: C:\Users\RODGER~1\AppData\L...}, goog:chromeOptions: {debuggerAddress: localhost:49272}, javascriptEnabled: true, networkConnectionEnabled: false, pageLoadStrategy: normal, platform: WINDOWS, platformName: WINDOWS, proxy: Proxy(), setWindowRect: true, strictFileInteractability: false, timeouts: {implicit: 0, pageLoad: 300000, script: 30000}, unhandledPromptBehavior: dismiss and notify, webauthn:extension:credBlob: true, webauthn:extension:largeBlob: true, webauthn:virtualAuthenticators: true}
Session ID: dd5adb283262876976539ea564f636e8
*** Element info: {Using=css selector, value=[href='/login']}
16:23:24.574 INFO  manager.MyListener - This is the link to screen with problem -->src/test/screenshots/screen-1404.png
16:23:24.576 INFO  tests.TestBase - Start test --->loginSuccessNew
16:23:24.577 INFO  manager.MyListener - 'Start find' element ---> By.xpath: //*[text()='Sing Out']
16:23:29.630 INFO  manager.MyListener - The element with locator ---> By.xpath: //*[text()='Sing Out'] <--- was found
16:23:29.631 INFO  tests.TestBase - Tests starts with email: zoa@gmail.com and password:Zoa12345$
16:23:29.631 INFO  manager.MyListener - 'Start find' element ---> By.cssSelector: [href='/login']
16:23:34.703 INFO  manager.MyListener - We have a 'throwable' -- >no such element: Unable to locate element: {"method":"css selector","selector":"[href='/login']"}
  (Session info: chrome=100.0.4896.127)
For documentation on this error, please visit: https://www.seleniumhq.org/exceptions/no_such_element.html
Build info: version: '3.141.59', revision: 'e82be7d358', time: '2018-11-14T08:17:03'
System info: host: 'LAPTOP-VKFDTO5N', ip: '192.168.178.45', os.name: 'Windows 10', os.arch: 'amd64', os.version: '10.0', java.version: '11.0.14'
Driver info: org.openqa.selenium.chrome.ChromeDriver
Capabilities {acceptInsecureCerts: false, browserName: chrome, browserVersion: 100.0.4896.127, chrome: {chromedriverVersion: 100.0.4896.60 (6a5d10861ce8..., userDataDir: C:\Users\RODGER~1\AppData\L...}, goog:chromeOptions: {debuggerAddress: localhost:49272}, javascriptEnabled: true, networkConnectionEnabled: false, pageLoadStrategy: normal, platform: WINDOWS, platformName: WINDOWS, proxy: Proxy(), setWindowRect: true, strictFileInteractability: false, timeouts: {implicit: 0, pageLoad: 300000, script: 30000}, unhandledPromptBehavior: dismiss and notify, webauthn:extension:credBlob: true, webauthn:extension:largeBlob: true, webauthn:virtualAuthenticators: true}
Session ID: dd5adb283262876976539ea564f636e8
*** Element info: {Using=css selector, value=[href='/login']}
16:23:34.703 INFO  manager.MyListener - We have a 'fill In StackTrace' -- >org.openqa.selenium.NoSuchElementException: no such element: Unable to locate element: {"method":"css selector","selector":"[href='/login']"}
  (Session info: chrome=100.0.4896.127)
For documentation on this error, please visit: https://www.seleniumhq.org/exceptions/no_such_element.html
Build info: version: '3.141.59', revision: 'e82be7d358', time: '2018-11-14T08:17:03'
System info: host: 'LAPTOP-VKFDTO5N', ip: '192.168.178.45', os.name: 'Windows 10', os.arch: 'amd64', os.version: '10.0', java.version: '11.0.14'
Driver info: org.openqa.selenium.chrome.ChromeDriver
Capabilities {acceptInsecureCerts: false, browserName: chrome, browserVersion: 100.0.4896.127, chrome: {chromedriverVersion: 100.0.4896.60 (6a5d10861ce8..., userDataDir: C:\Users\RODGER~1\AppData\L...}, goog:chromeOptions: {debuggerAddress: localhost:49272}, javascriptEnabled: true, networkConnectionEnabled: false, pageLoadStrategy: normal, platform: WINDOWS, platformName: WINDOWS, proxy: Proxy(), setWindowRect: true, strictFileInteractability: false, timeouts: {implicit: 0, pageLoad: 300000, script: 30000}, unhandledPromptBehavior: dismiss and notify, webauthn:extension:credBlob: true, webauthn:extension:largeBlob: true, webauthn:virtualAuthenticators: true}
Session ID: dd5adb283262876976539ea564f636e8
*** Element info: {Using=css selector, value=[href='/login']}
16:23:35.058 INFO  manager.MyListener - This is the link to screen with problem -->src/test/screenshots/screen-1414.png
16:23:35.062 INFO  tests.TestBase - Start test --->loginSuccessNew
16:23:35.064 INFO  manager.MyListener - 'Start find' element ---> By.xpath: //*[text()='Sing Out']
16:23:40.121 INFO  manager.MyListener - The element with locator ---> By.xpath: //*[text()='Sing Out'] <--- was found
16:23:40.122 INFO  tests.TestBase - Tests starts with email: wick416@gmail.com and password:Ww12345$
16:23:40.122 INFO  manager.MyListener - 'Start find' element ---> By.cssSelector: [href='/login']
16:23:45.179 INFO  manager.MyListener - We have a 'throwable' -- >no such element: Unable to locate element: {"method":"css selector","selector":"[href='/login']"}
  (Session info: chrome=100.0.4896.127)
For documentation on this error, please visit: https://www.seleniumhq.org/exceptions/no_such_element.html
Build info: version: '3.141.59', revision: 'e82be7d358', time: '2018-11-14T08:17:03'
System info: host: 'LAPTOP-VKFDTO5N', ip: '192.168.178.45', os.name: 'Windows 10', os.arch: 'amd64', os.version: '10.0', java.version: '11.0.14'
Driver info: org.openqa.selenium.chrome.ChromeDriver
Capabilities {acceptInsecureCerts: false, browserName: chrome, browserVersion: 100.0.4896.127, chrome: {chromedriverVersion: 100.0.4896.60 (6a5d10861ce8..., userDataDir: C:\Users\RODGER~1\AppData\L...}, goog:chromeOptions: {debuggerAddress: localhost:49272}, javascriptEnabled: true, networkConnectionEnabled: false, pageLoadStrategy: normal, platform: WINDOWS, platformName: WINDOWS, proxy: Proxy(), setWindowRect: true, strictFileInteractability: false, timeouts: {implicit: 0, pageLoad: 300000, script: 30000}, unhandledPromptBehavior: dismiss and notify, webauthn:extension:credBlob: true, webauthn:extension:largeBlob: true, webauthn:virtualAuthenticators: true}
Session ID: dd5adb283262876976539ea564f636e8
*** Element info: {Using=css selector, value=[href='/login']}
16:23:45.180 INFO  manager.MyListener - We have a 'fill In StackTrace' -- >org.openqa.selenium.NoSuchElementException: no such element: Unable to locate element: {"method":"css selector","selector":"[href='/login']"}
  (Session info: chrome=100.0.4896.127)
For documentation on this error, please visit: https://www.seleniumhq.org/exceptions/no_such_element.html
Build info: version: '3.141.59', revision: 'e82be7d358', time: '2018-11-14T08:17:03'
System info: host: 'LAPTOP-VKFDTO5N', ip: '192.168.178.45', os.name: 'Windows 10', os.arch: 'amd64', os.version: '10.0', java.version: '11.0.14'
Driver info: org.openqa.selenium.chrome.ChromeDriver
Capabilities {acceptInsecureCerts: false, browserName: chrome, browserVersion: 100.0.4896.127, chrome: {chromedriverVersion: 100.0.4896.60 (6a5d10861ce8..., userDataDir: C:\Users\RODGER~1\AppData\L...}, goog:chromeOptions: {debuggerAddress: localhost:49272}, javascriptEnabled: true, networkConnectionEnabled: false, pageLoadStrategy: normal, platform: WINDOWS, platformName: WINDOWS, proxy: Proxy(), setWindowRect: true, strictFileInteractability: false, timeouts: {implicit: 0, pageLoad: 300000, script: 30000}, unhandledPromptBehavior: dismiss and notify, webauthn:extension:credBlob: true, webauthn:extension:largeBlob: true, webauthn:virtualAuthenticators: true}
Session ID: dd5adb283262876976539ea564f636e8
*** Element info: {Using=css selector, value=[href='/login']}
16:23:45.561 INFO  manager.MyListener - This is the link to screen with problem -->src/test/screenshots/screen-1425.png
