21:48:15.973 INFO  manager.ApplicationManager - The link is-->https://contacts-app.tobbymarshall815.vercel.app/home
21:48:16.011 INFO  tests.TestBase - Start test --->loginSuccessNew
21:48:16.013 INFO  manager.MyListener - 'Start find' element ---> By.xpath: //button[text()='Sing Out']
21:48:21.058 INFO  manager.MyListener - The element with locator ---> By.xpath: //button[text()='Sing Out'] <--- was found
21:48:21.064 INFO  tests.TestBase - Tests starts with email: kvitka@gmail.com and password:Kvi12345$
21:48:21.064 INFO  manager.MyListener - 'Start find' element ---> By.cssSelector: [href='/login']
21:48:21.089 INFO  manager.MyListener - The element with locator ---> By.cssSelector: [href='/login'] <--- was found
21:48:21.178 INFO  manager.MyListener - 'Start find' element ---> By.xpath: //input[1]
21:48:21.199 INFO  manager.MyListener - The element with locator ---> By.xpath: //input[1] <--- was found
21:48:21.359 INFO  manager.MyListener - 'Start find' element ---> By.xpath: //input[2]
21:48:21.385 INFO  manager.MyListener - The element with locator ---> By.xpath: //input[2] <--- was found
21:48:21.500 INFO  manager.MyListener - 'Start find' element ---> By.xpath: //*[text()=' Login']
21:48:21.536 INFO  manager.MyListener - The element with locator ---> By.xpath: //*[text()=' Login'] <--- was found
21:48:21.587 INFO  manager.MyListener - 'Start find' element ---> By.xpath: //*[text()='Sign Out']
21:48:22.042 INFO  manager.MyListener - The element with locator ---> By.xpath: //*[text()='Sign Out'] <--- was found
21:48:22.044 INFO  tests.TestBase - Test passed
21:48:22.047 INFO  tests.TestBase - Start test --->loginSuccessNew
21:48:22.048 INFO  manager.MyListener - 'Start find' element ---> By.xpath: //button[text()='Sing Out']
21:48:27.091 INFO  manager.MyListener - The element with locator ---> By.xpath: //button[text()='Sing Out'] <--- was found
21:48:27.092 INFO  tests.TestBase - Tests starts with email: mona@gmail.com and password:Mm12345$
21:48:27.092 INFO  manager.MyListener - 'Start find' element ---> By.cssSelector: [href='/login']
21:48:32.148 INFO  manager.MyListener - We have a 'throwable' -- >no such element: Unable to locate element: {"method":"css selector","selector":"[href='/login']"}
  (Session info: chrome=100.0.4896.127)
For documentation on this error, please visit: https://www.seleniumhq.org/exceptions/no_such_element.html
Build info: version: '3.141.59', revision: 'e82be7d358', time: '2018-11-14T08:17:03'
System info: host: 'LAPTOP-VKFDTO5N', ip: '192.168.178.45', os.name: 'Windows 10', os.arch: 'amd64', os.version: '10.0', java.version: '11.0.14'
Driver info: org.openqa.selenium.chrome.ChromeDriver
Capabilities {acceptInsecureCerts: false, browserName: chrome, browserVersion: 100.0.4896.127, chrome: {chromedriverVersion: 100.0.4896.60 (6a5d10861ce8..., userDataDir: C:\Users\RODGER~1\AppData\L...}, goog:chromeOptions: {debuggerAddress: localhost:54694}, javascriptEnabled: true, networkConnectionEnabled: false, pageLoadStrategy: normal, platform: WINDOWS, platformName: WINDOWS, proxy: Proxy(), setWindowRect: true, strictFileInteractability: false, timeouts: {implicit: 0, pageLoad: 300000, script: 30000}, unhandledPromptBehavior: dismiss and notify, webauthn:extension:credBlob: true, webauthn:extension:largeBlob: true, webauthn:virtualAuthenticators: true}
Session ID: 46ffa78cd3c41805f810d847fbb7af72
*** Element info: {Using=css selector, value=[href='/login']}
21:48:32.148 INFO  manager.MyListener - We have a 'fill In StackTrace' -- >org.openqa.selenium.NoSuchElementException: no such element: Unable to locate element: {"method":"css selector","selector":"[href='/login']"}
  (Session info: chrome=100.0.4896.127)
For documentation on this error, please visit: https://www.seleniumhq.org/exceptions/no_such_element.html
Build info: version: '3.141.59', revision: 'e82be7d358', time: '2018-11-14T08:17:03'
System info: host: 'LAPTOP-VKFDTO5N', ip: '192.168.178.45', os.name: 'Windows 10', os.arch: 'amd64', os.version: '10.0', java.version: '11.0.14'
Driver info: org.openqa.selenium.chrome.ChromeDriver
Capabilities {acceptInsecureCerts: false, browserName: chrome, browserVersion: 100.0.4896.127, chrome: {chromedriverVersion: 100.0.4896.60 (6a5d10861ce8..., userDataDir: C:\Users\RODGER~1\AppData\L...}, goog:chromeOptions: {debuggerAddress: localhost:54694}, javascriptEnabled: true, networkConnectionEnabled: false, pageLoadStrategy: normal, platform: WINDOWS, platformName: WINDOWS, proxy: Proxy(), setWindowRect: true, strictFileInteractability: false, timeouts: {implicit: 0, pageLoad: 300000, script: 30000}, unhandledPromptBehavior: dismiss and notify, webauthn:extension:credBlob: true, webauthn:extension:largeBlob: true, webauthn:virtualAuthenticators: true}
Session ID: 46ffa78cd3c41805f810d847fbb7af72
*** Element info: {Using=css selector, value=[href='/login']}
21:48:32.739 INFO  manager.MyListener - This is the link to screen with problem -->src/test/screenshots/screen-2912.png
21:48:32.741 INFO  tests.TestBase - Start test --->loginSuccessNew
21:48:32.741 INFO  manager.MyListener - 'Start find' element ---> By.xpath: //button[text()='Sing Out']
21:48:37.783 INFO  manager.MyListener - The element with locator ---> By.xpath: //button[text()='Sing Out'] <--- was found
21:48:37.784 INFO  tests.TestBase - Tests starts with email: zoa@gmail.com and password:Zoa12345$
21:48:37.784 INFO  manager.MyListener - 'Start find' element ---> By.cssSelector: [href='/login']
21:48:42.821 INFO  manager.MyListener - We have a 'throwable' -- >no such element: Unable to locate element: {"method":"css selector","selector":"[href='/login']"}
  (Session info: chrome=100.0.4896.127)
For documentation on this error, please visit: https://www.seleniumhq.org/exceptions/no_such_element.html
Build info: version: '3.141.59', revision: 'e82be7d358', time: '2018-11-14T08:17:03'
System info: host: 'LAPTOP-VKFDTO5N', ip: '192.168.178.45', os.name: 'Windows 10', os.arch: 'amd64', os.version: '10.0', java.version: '11.0.14'
Driver info: org.openqa.selenium.chrome.ChromeDriver
Capabilities {acceptInsecureCerts: false, browserName: chrome, browserVersion: 100.0.4896.127, chrome: {chromedriverVersion: 100.0.4896.60 (6a5d10861ce8..., userDataDir: C:\Users\RODGER~1\AppData\L...}, goog:chromeOptions: {debuggerAddress: localhost:54694}, javascriptEnabled: true, networkConnectionEnabled: false, pageLoadStrategy: normal, platform: WINDOWS, platformName: WINDOWS, proxy: Proxy(), setWindowRect: true, strictFileInteractability: false, timeouts: {implicit: 0, pageLoad: 300000, script: 30000}, unhandledPromptBehavior: dismiss and notify, webauthn:extension:credBlob: true, webauthn:extension:largeBlob: true, webauthn:virtualAuthenticators: true}
Session ID: 46ffa78cd3c41805f810d847fbb7af72
*** Element info: {Using=css selector, value=[href='/login']}
21:48:42.822 INFO  manager.MyListener - We have a 'fill In StackTrace' -- >org.openqa.selenium.NoSuchElementException: no such element: Unable to locate element: {"method":"css selector","selector":"[href='/login']"}
  (Session info: chrome=100.0.4896.127)
For documentation on this error, please visit: https://www.seleniumhq.org/exceptions/no_such_element.html
Build info: version: '3.141.59', revision: 'e82be7d358', time: '2018-11-14T08:17:03'
System info: host: 'LAPTOP-VKFDTO5N', ip: '192.168.178.45', os.name: 'Windows 10', os.arch: 'amd64', os.version: '10.0', java.version: '11.0.14'
Driver info: org.openqa.selenium.chrome.ChromeDriver
Capabilities {acceptInsecureCerts: false, browserName: chrome, browserVersion: 100.0.4896.127, chrome: {chromedriverVersion: 100.0.4896.60 (6a5d10861ce8..., userDataDir: C:\Users\RODGER~1\AppData\L...}, goog:chromeOptions: {debuggerAddress: localhost:54694}, javascriptEnabled: true, networkConnectionEnabled: false, pageLoadStrategy: normal, platform: WINDOWS, platformName: WINDOWS, proxy: Proxy(), setWindowRect: true, strictFileInteractability: false, timeouts: {implicit: 0, pageLoad: 300000, script: 30000}, unhandledPromptBehavior: dismiss and notify, webauthn:extension:credBlob: true, webauthn:extension:largeBlob: true, webauthn:virtualAuthenticators: true}
Session ID: 46ffa78cd3c41805f810d847fbb7af72
*** Element info: {Using=css selector, value=[href='/login']}
21:48:43.312 INFO  manager.MyListener - This is the link to screen with problem -->src/test/screenshots/screen-2922.png
21:48:43.314 INFO  tests.TestBase - Start test --->loginSuccessNew
21:48:43.314 INFO  manager.MyListener - 'Start find' element ---> By.xpath: //button[text()='Sing Out']
21:48:48.341 INFO  manager.MyListener - The element with locator ---> By.xpath: //button[text()='Sing Out'] <--- was found
21:48:48.342 INFO  tests.TestBase - Tests starts with email: wik416@gmail.com and password:Ww12345$
21:48:48.342 INFO  manager.MyListener - 'Start find' element ---> By.cssSelector: [href='/login']
21:48:53.361 INFO  manager.MyListener - We have a 'throwable' -- >no such element: Unable to locate element: {"method":"css selector","selector":"[href='/login']"}
  (Session info: chrome=100.0.4896.127)
For documentation on this error, please visit: https://www.seleniumhq.org/exceptions/no_such_element.html
Build info: version: '3.141.59', revision: 'e82be7d358', time: '2018-11-14T08:17:03'
System info: host: 'LAPTOP-VKFDTO5N', ip: '192.168.178.45', os.name: 'Windows 10', os.arch: 'amd64', os.version: '10.0', java.version: '11.0.14'
Driver info: org.openqa.selenium.chrome.ChromeDriver
Capabilities {acceptInsecureCerts: false, browserName: chrome, browserVersion: 100.0.4896.127, chrome: {chromedriverVersion: 100.0.4896.60 (6a5d10861ce8..., userDataDir: C:\Users\RODGER~1\AppData\L...}, goog:chromeOptions: {debuggerAddress: localhost:54694}, javascriptEnabled: true, networkConnectionEnabled: false, pageLoadStrategy: normal, platform: WINDOWS, platformName: WINDOWS, proxy: Proxy(), setWindowRect: true, strictFileInteractability: false, timeouts: {implicit: 0, pageLoad: 300000, script: 30000}, unhandledPromptBehavior: dismiss and notify, webauthn:extension:credBlob: true, webauthn:extension:largeBlob: true, webauthn:virtualAuthenticators: true}
Session ID: 46ffa78cd3c41805f810d847fbb7af72
*** Element info: {Using=css selector, value=[href='/login']}
21:48:53.361 INFO  manager.MyListener - We have a 'fill In StackTrace' -- >org.openqa.selenium.NoSuchElementException: no such element: Unable to locate element: {"method":"css selector","selector":"[href='/login']"}
  (Session info: chrome=100.0.4896.127)
For documentation on this error, please visit: https://www.seleniumhq.org/exceptions/no_such_element.html
Build info: version: '3.141.59', revision: 'e82be7d358', time: '2018-11-14T08:17:03'
System info: host: 'LAPTOP-VKFDTO5N', ip: '192.168.178.45', os.name: 'Windows 10', os.arch: 'amd64', os.version: '10.0', java.version: '11.0.14'
Driver info: org.openqa.selenium.chrome.ChromeDriver
Capabilities {acceptInsecureCerts: false, browserName: chrome, browserVersion: 100.0.4896.127, chrome: {chromedriverVersion: 100.0.4896.60 (6a5d10861ce8..., userDataDir: C:\Users\RODGER~1\AppData\L...}, goog:chromeOptions: {debuggerAddress: localhost:54694}, javascriptEnabled: true, networkConnectionEnabled: false, pageLoadStrategy: normal, platform: WINDOWS, platformName: WINDOWS, proxy: Proxy(), setWindowRect: true, strictFileInteractability: false, timeouts: {implicit: 0, pageLoad: 300000, script: 30000}, unhandledPromptBehavior: dismiss and notify, webauthn:extension:credBlob: true, webauthn:extension:largeBlob: true, webauthn:virtualAuthenticators: true}
Session ID: 46ffa78cd3c41805f810d847fbb7af72
*** Element info: {Using=css selector, value=[href='/login']}
21:48:53.841 INFO  manager.MyListener - This is the link to screen with problem -->src/test/screenshots/screen-2933.png
