23:17:40.183 INFO  manager.ApplicationManager - The link is-->https://contacts-app.tobbymarshall815.vercel.app/home
23:17:40.332 INFO  tests.TestBase - Start test --->addNewContactSuccessDataProviderCSV
23:17:40.338 INFO  manager.MyListener - 'Start find' element ---> By.xpath: //*[text()='Sign Out']
23:17:45.417 INFO  manager.MyListener - The element with locator ---> By.xpath: //*[text()='Sign Out'] <--- was found
23:17:45.436 INFO  manager.MyListener - 'Start find' element ---> By.cssSelector: [href='/login']
23:17:45.467 INFO  manager.MyListener - The element with locator ---> By.cssSelector: [href='/login'] <--- was found
23:17:45.560 INFO  manager.MyListener - 'Start find' element ---> By.xpath: //input[1]
23:17:45.585 INFO  manager.MyListener - The element with locator ---> By.xpath: //input[1] <--- was found
23:17:45.731 INFO  manager.MyListener - 'Start find' element ---> By.xpath: //input[2]
23:17:45.761 INFO  manager.MyListener - The element with locator ---> By.xpath: //input[2] <--- was found
23:17:45.886 INFO  manager.MyListener - 'Start find' element ---> By.xpath: //*[text()=' Login']
23:17:45.911 INFO  manager.MyListener - The element with locator ---> By.xpath: //*[text()=' Login'] <--- was found
23:17:45.965 INFO  manager.MyListener - 'Start find' element ---> By.cssSelector: [href='/add']
23:17:51.036 INFO  manager.MyListener - We have a 'throwable' -- >no such element: Unable to locate element: {"method":"css selector","selector":"[href='/add']"}
  (Session info: chrome=100.0.4896.127)
For documentation on this error, please visit: https://www.seleniumhq.org/exceptions/no_such_element.html
Build info: version: '3.141.59', revision: 'e82be7d358', time: '2018-11-14T08:17:03'
System info: host: 'LAPTOP-VKFDTO5N', ip: '192.168.178.45', os.name: 'Windows 10', os.arch: 'amd64', os.version: '10.0', java.version: '11.0.14'
Driver info: org.openqa.selenium.chrome.ChromeDriver
Capabilities {acceptInsecureCerts: false, browserName: chrome, browserVersion: 100.0.4896.127, chrome: {chromedriverVersion: 100.0.4896.60 (6a5d10861ce8..., userDataDir: C:\Users\RODGER~1\AppData\L...}, goog:chromeOptions: {debuggerAddress: localhost:64842}, javascriptEnabled: true, networkConnectionEnabled: false, pageLoadStrategy: normal, platform: WINDOWS, platformName: WINDOWS, proxy: Proxy(), setWindowRect: true, strictFileInteractability: false, timeouts: {implicit: 0, pageLoad: 300000, script: 30000}, unhandledPromptBehavior: dismiss and notify, webauthn:extension:credBlob: true, webauthn:extension:largeBlob: true, webauthn:virtualAuthenticators: true}
Session ID: 9b83dcc0c5950afe8f9792d1b558410f
*** Element info: {Using=css selector, value=[href='/add']}
23:17:51.037 INFO  manager.MyListener - We have a 'fill In StackTrace' -- >org.openqa.selenium.NoSuchElementException: no such element: Unable to locate element: {"method":"css selector","selector":"[href='/add']"}
  (Session info: chrome=100.0.4896.127)
For documentation on this error, please visit: https://www.seleniumhq.org/exceptions/no_such_element.html
Build info: version: '3.141.59', revision: 'e82be7d358', time: '2018-11-14T08:17:03'
System info: host: 'LAPTOP-VKFDTO5N', ip: '192.168.178.45', os.name: 'Windows 10', os.arch: 'amd64', os.version: '10.0', java.version: '11.0.14'
Driver info: org.openqa.selenium.chrome.ChromeDriver
Capabilities {acceptInsecureCerts: false, browserName: chrome, browserVersion: 100.0.4896.127, chrome: {chromedriverVersion: 100.0.4896.60 (6a5d10861ce8..., userDataDir: C:\Users\RODGER~1\AppData\L...}, goog:chromeOptions: {debuggerAddress: localhost:64842}, javascriptEnabled: true, networkConnectionEnabled: false, pageLoadStrategy: normal, platform: WINDOWS, platformName: WINDOWS, proxy: Proxy(), setWindowRect: true, strictFileInteractability: false, timeouts: {implicit: 0, pageLoad: 300000, script: 30000}, unhandledPromptBehavior: dismiss and notify, webauthn:extension:credBlob: true, webauthn:extension:largeBlob: true, webauthn:virtualAuthenticators: true}
Session ID: 9b83dcc0c5950afe8f9792d1b558410f
*** Element info: {Using=css selector, value=[href='/add']}
23:17:51.459 INFO  manager.MyListener - This is the link to screen with problem -->src/test/screenshots/screen-1071.png
23:17:51.462 INFO  tests.TestBase - Start test --->addNewContactSuccessDataProviderCSV
23:17:51.462 INFO  manager.MyListener - 'Start find' element ---> By.xpath: //*[text()='Sign Out']
23:17:56.518 INFO  manager.MyListener - The element with locator ---> By.xpath: //*[text()='Sign Out'] <--- was found
23:17:56.519 INFO  manager.MyListener - 'Start find' element ---> By.cssSelector: [href='/login']
23:17:56.538 INFO  manager.MyListener - The element with locator ---> By.cssSelector: [href='/login'] <--- was found
23:17:56.579 INFO  manager.MyListener - 'Start find' element ---> By.xpath: //input[1]
23:18:01.645 INFO  manager.MyListener - We have a 'throwable' -- >no such element: Unable to locate element: {"method":"xpath","selector":"//input[1]"}
  (Session info: chrome=100.0.4896.127)
For documentation on this error, please visit: https://www.seleniumhq.org/exceptions/no_such_element.html
Build info: version: '3.141.59', revision: 'e82be7d358', time: '2018-11-14T08:17:03'
System info: host: 'LAPTOP-VKFDTO5N', ip: '192.168.178.45', os.name: 'Windows 10', os.arch: 'amd64', os.version: '10.0', java.version: '11.0.14'
Driver info: org.openqa.selenium.chrome.ChromeDriver
Capabilities {acceptInsecureCerts: false, browserName: chrome, browserVersion: 100.0.4896.127, chrome: {chromedriverVersion: 100.0.4896.60 (6a5d10861ce8..., userDataDir: C:\Users\RODGER~1\AppData\L...}, goog:chromeOptions: {debuggerAddress: localhost:64842}, javascriptEnabled: true, networkConnectionEnabled: false, pageLoadStrategy: normal, platform: WINDOWS, platformName: WINDOWS, proxy: Proxy(), setWindowRect: true, strictFileInteractability: false, timeouts: {implicit: 0, pageLoad: 300000, script: 30000}, unhandledPromptBehavior: dismiss and notify, webauthn:extension:credBlob: true, webauthn:extension:largeBlob: true, webauthn:virtualAuthenticators: true}
Session ID: 9b83dcc0c5950afe8f9792d1b558410f
*** Element info: {Using=xpath, value=//input[1]}
23:18:01.646 INFO  manager.MyListener - We have a 'fill In StackTrace' -- >org.openqa.selenium.NoSuchElementException: no such element: Unable to locate element: {"method":"xpath","selector":"//input[1]"}
  (Session info: chrome=100.0.4896.127)
For documentation on this error, please visit: https://www.seleniumhq.org/exceptions/no_such_element.html
Build info: version: '3.141.59', revision: 'e82be7d358', time: '2018-11-14T08:17:03'
System info: host: 'LAPTOP-VKFDTO5N', ip: '192.168.178.45', os.name: 'Windows 10', os.arch: 'amd64', os.version: '10.0', java.version: '11.0.14'
Driver info: org.openqa.selenium.chrome.ChromeDriver
Capabilities {acceptInsecureCerts: false, browserName: chrome, browserVersion: 100.0.4896.127, chrome: {chromedriverVersion: 100.0.4896.60 (6a5d10861ce8..., userDataDir: C:\Users\RODGER~1\AppData\L...}, goog:chromeOptions: {debuggerAddress: localhost:64842}, javascriptEnabled: true, networkConnectionEnabled: false, pageLoadStrategy: normal, platform: WINDOWS, platformName: WINDOWS, proxy: Proxy(), setWindowRect: true, strictFileInteractability: false, timeouts: {implicit: 0, pageLoad: 300000, script: 30000}, unhandledPromptBehavior: dismiss and notify, webauthn:extension:credBlob: true, webauthn:extension:largeBlob: true, webauthn:virtualAuthenticators: true}
Session ID: 9b83dcc0c5950afe8f9792d1b558410f
*** Element info: {Using=xpath, value=//input[1]}
23:18:02.014 INFO  manager.MyListener - This is the link to screen with problem -->src/test/screenshots/screen-1081.png
