22:20:06.032 INFO  manager.ApplicationManager - The link is-->https://contacts-app.tobbymarshall815.vercel.app/home
22:20:06.154 INFO  tests.TestBase - Start test --->loginSuccessNew
22:20:06.156 INFO  manager.MyListener - 'Start find' element ---> By.xpath: //button[text()='Sing Out']
22:20:11.218 INFO  manager.MyListener - The element with locator ---> By.xpath: //button[text()='Sing Out'] <--- was found
22:20:11.225 INFO  tests.TestBase - Tests starts with email: kvitka@gmail.com and password:Kvi12345$
22:20:11.225 INFO  manager.MyListener - 'Start find' element ---> By.cssSelector: [href='/login']
22:20:11.252 INFO  manager.MyListener - The element with locator ---> By.cssSelector: [href='/login'] <--- was found
22:20:11.339 INFO  manager.MyListener - 'Start find' element ---> By.xpath: //input[1]
22:20:11.363 INFO  manager.MyListener - The element with locator ---> By.xpath: //input[1] <--- was found
22:20:11.519 INFO  manager.MyListener - 'Start find' element ---> By.xpath: //input[2]
22:20:11.559 INFO  manager.MyListener - The element with locator ---> By.xpath: //input[2] <--- was found
22:20:11.690 INFO  manager.MyListener - 'Start find' element ---> By.xpath: //*[text()=' Login']
22:20:11.715 INFO  manager.MyListener - The element with locator ---> By.xpath: //*[text()=' Login'] <--- was found
22:20:11.750 INFO  manager.MyListener - 'Start find' element ---> By.xpath: //*[text()='Sign Out']
22:20:12.139 INFO  manager.MyListener - The element with locator ---> By.xpath: //*[text()='Sign Out'] <--- was found
22:20:12.141 INFO  tests.TestBase - Test passed
22:20:12.146 INFO  tests.TestBase - Start test --->loginSuccessNew
22:20:12.148 INFO  manager.MyListener - 'Start find' element ---> By.xpath: //button[text()='Sing Out']
22:20:17.181 INFO  manager.MyListener - The element with locator ---> By.xpath: //button[text()='Sing Out'] <--- was found
22:20:17.182 INFO  tests.TestBase - Tests starts with email: mona@gmail.com and password:Mm12345$
22:20:17.182 INFO  manager.MyListener - 'Start find' element ---> By.cssSelector: [href='/login']
22:20:22.276 INFO  manager.MyListener - We have a 'throwable' -- >no such element: Unable to locate element: {"method":"css selector","selector":"[href='/login']"}
  (Session info: chrome=100.0.4896.127)
For documentation on this error, please visit: https://www.seleniumhq.org/exceptions/no_such_element.html
Build info: version: '3.141.59', revision: 'e82be7d358', time: '2018-11-14T08:17:03'
System info: host: 'LAPTOP-VKFDTO5N', ip: '192.168.178.45', os.name: 'Windows 10', os.arch: 'amd64', os.version: '10.0', java.version: '11.0.14'
Driver info: org.openqa.selenium.chrome.ChromeDriver
Capabilities {acceptInsecureCerts: false, browserName: chrome, browserVersion: 100.0.4896.127, chrome: {chromedriverVersion: 100.0.4896.60 (6a5d10861ce8..., userDataDir: C:\Users\RODGER~1\AppData\L...}, goog:chromeOptions: {debuggerAddress: localhost:56198}, javascriptEnabled: true, networkConnectionEnabled: false, pageLoadStrategy: normal, platform: WINDOWS, platformName: WINDOWS, proxy: Proxy(), setWindowRect: true, strictFileInteractability: false, timeouts: {implicit: 0, pageLoad: 300000, script: 30000}, unhandledPromptBehavior: dismiss and notify, webauthn:extension:credBlob: true, webauthn:extension:largeBlob: true, webauthn:virtualAuthenticators: true}
Session ID: c50ef7221bbcc93597411a064a5844df
*** Element info: {Using=css selector, value=[href='/login']}
22:20:22.277 INFO  manager.MyListener - We have a 'fill In StackTrace' -- >org.openqa.selenium.NoSuchElementException: no such element: Unable to locate element: {"method":"css selector","selector":"[href='/login']"}
  (Session info: chrome=100.0.4896.127)
For documentation on this error, please visit: https://www.seleniumhq.org/exceptions/no_such_element.html
Build info: version: '3.141.59', revision: 'e82be7d358', time: '2018-11-14T08:17:03'
System info: host: 'LAPTOP-VKFDTO5N', ip: '192.168.178.45', os.name: 'Windows 10', os.arch: 'amd64', os.version: '10.0', java.version: '11.0.14'
Driver info: org.openqa.selenium.chrome.ChromeDriver
Capabilities {acceptInsecureCerts: false, browserName: chrome, browserVersion: 100.0.4896.127, chrome: {chromedriverVersion: 100.0.4896.60 (6a5d10861ce8..., userDataDir: C:\Users\RODGER~1\AppData\L...}, goog:chromeOptions: {debuggerAddress: localhost:56198}, javascriptEnabled: true, networkConnectionEnabled: false, pageLoadStrategy: normal, platform: WINDOWS, platformName: WINDOWS, proxy: Proxy(), setWindowRect: true, strictFileInteractability: false, timeouts: {implicit: 0, pageLoad: 300000, script: 30000}, unhandledPromptBehavior: dismiss and notify, webauthn:extension:credBlob: true, webauthn:extension:largeBlob: true, webauthn:virtualAuthenticators: true}
Session ID: c50ef7221bbcc93597411a064a5844df
*** Element info: {Using=css selector, value=[href='/login']}
22:20:22.790 INFO  manager.MyListener - This is the link to screen with problem -->src/test/screenshots/screen-1222.png
22:20:22.791 INFO  tests.TestBase - Start test --->loginSuccessNew
22:20:22.792 INFO  manager.MyListener - 'Start find' element ---> By.xpath: //button[text()='Sing Out']
22:20:27.839 INFO  manager.MyListener - The element with locator ---> By.xpath: //button[text()='Sing Out'] <--- was found
22:20:27.840 INFO  tests.TestBase - Tests starts with email: zoa@gmail.com and password:Zoa12345$
22:20:27.841 INFO  manager.MyListener - 'Start find' element ---> By.cssSelector: [href='/login']
22:20:32.875 INFO  manager.MyListener - We have a 'throwable' -- >no such element: Unable to locate element: {"method":"css selector","selector":"[href='/login']"}
  (Session info: chrome=100.0.4896.127)
For documentation on this error, please visit: https://www.seleniumhq.org/exceptions/no_such_element.html
Build info: version: '3.141.59', revision: 'e82be7d358', time: '2018-11-14T08:17:03'
System info: host: 'LAPTOP-VKFDTO5N', ip: '192.168.178.45', os.name: 'Windows 10', os.arch: 'amd64', os.version: '10.0', java.version: '11.0.14'
Driver info: org.openqa.selenium.chrome.ChromeDriver
Capabilities {acceptInsecureCerts: false, browserName: chrome, browserVersion: 100.0.4896.127, chrome: {chromedriverVersion: 100.0.4896.60 (6a5d10861ce8..., userDataDir: C:\Users\RODGER~1\AppData\L...}, goog:chromeOptions: {debuggerAddress: localhost:56198}, javascriptEnabled: true, networkConnectionEnabled: false, pageLoadStrategy: normal, platform: WINDOWS, platformName: WINDOWS, proxy: Proxy(), setWindowRect: true, strictFileInteractability: false, timeouts: {implicit: 0, pageLoad: 300000, script: 30000}, unhandledPromptBehavior: dismiss and notify, webauthn:extension:credBlob: true, webauthn:extension:largeBlob: true, webauthn:virtualAuthenticators: true}
Session ID: c50ef7221bbcc93597411a064a5844df
*** Element info: {Using=css selector, value=[href='/login']}
22:20:32.876 INFO  manager.MyListener - We have a 'fill In StackTrace' -- >org.openqa.selenium.NoSuchElementException: no such element: Unable to locate element: {"method":"css selector","selector":"[href='/login']"}
  (Session info: chrome=100.0.4896.127)
For documentation on this error, please visit: https://www.seleniumhq.org/exceptions/no_such_element.html
Build info: version: '3.141.59', revision: 'e82be7d358', time: '2018-11-14T08:17:03'
System info: host: 'LAPTOP-VKFDTO5N', ip: '192.168.178.45', os.name: 'Windows 10', os.arch: 'amd64', os.version: '10.0', java.version: '11.0.14'
Driver info: org.openqa.selenium.chrome.ChromeDriver
Capabilities {acceptInsecureCerts: false, browserName: chrome, browserVersion: 100.0.4896.127, chrome: {chromedriverVersion: 100.0.4896.60 (6a5d10861ce8..., userDataDir: C:\Users\RODGER~1\AppData\L...}, goog:chromeOptions: {debuggerAddress: localhost:56198}, javascriptEnabled: true, networkConnectionEnabled: false, pageLoadStrategy: normal, platform: WINDOWS, platformName: WINDOWS, proxy: Proxy(), setWindowRect: true, strictFileInteractability: false, timeouts: {implicit: 0, pageLoad: 300000, script: 30000}, unhandledPromptBehavior: dismiss and notify, webauthn:extension:credBlob: true, webauthn:extension:largeBlob: true, webauthn:virtualAuthenticators: true}
Session ID: c50ef7221bbcc93597411a064a5844df
*** Element info: {Using=css selector, value=[href='/login']}
22:20:33.279 INFO  manager.MyListener - This is the link to screen with problem -->src/test/screenshots/screen-1232.png
22:20:33.281 INFO  tests.TestBase - Start test --->loginSuccessNew
22:20:33.281 INFO  manager.MyListener - 'Start find' element ---> By.xpath: //button[text()='Sing Out']
22:20:38.315 INFO  manager.MyListener - The element with locator ---> By.xpath: //button[text()='Sing Out'] <--- was found
22:20:38.316 INFO  tests.TestBase - Tests starts with email: wik416@gmail.com and password:Ww12345$
22:20:38.316 INFO  manager.MyListener - 'Start find' element ---> By.cssSelector: [href='/login']
22:20:43.368 INFO  manager.MyListener - We have a 'throwable' -- >no such element: Unable to locate element: {"method":"css selector","selector":"[href='/login']"}
  (Session info: chrome=100.0.4896.127)
For documentation on this error, please visit: https://www.seleniumhq.org/exceptions/no_such_element.html
Build info: version: '3.141.59', revision: 'e82be7d358', time: '2018-11-14T08:17:03'
System info: host: 'LAPTOP-VKFDTO5N', ip: '192.168.178.45', os.name: 'Windows 10', os.arch: 'amd64', os.version: '10.0', java.version: '11.0.14'
Driver info: org.openqa.selenium.chrome.ChromeDriver
Capabilities {acceptInsecureCerts: false, browserName: chrome, browserVersion: 100.0.4896.127, chrome: {chromedriverVersion: 100.0.4896.60 (6a5d10861ce8..., userDataDir: C:\Users\RODGER~1\AppData\L...}, goog:chromeOptions: {debuggerAddress: localhost:56198}, javascriptEnabled: true, networkConnectionEnabled: false, pageLoadStrategy: normal, platform: WINDOWS, platformName: WINDOWS, proxy: Proxy(), setWindowRect: true, strictFileInteractability: false, timeouts: {implicit: 0, pageLoad: 300000, script: 30000}, unhandledPromptBehavior: dismiss and notify, webauthn:extension:credBlob: true, webauthn:extension:largeBlob: true, webauthn:virtualAuthenticators: true}
Session ID: c50ef7221bbcc93597411a064a5844df
*** Element info: {Using=css selector, value=[href='/login']}
22:20:43.368 INFO  manager.MyListener - We have a 'fill In StackTrace' -- >org.openqa.selenium.NoSuchElementException: no such element: Unable to locate element: {"method":"css selector","selector":"[href='/login']"}
  (Session info: chrome=100.0.4896.127)
For documentation on this error, please visit: https://www.seleniumhq.org/exceptions/no_such_element.html
Build info: version: '3.141.59', revision: 'e82be7d358', time: '2018-11-14T08:17:03'
System info: host: 'LAPTOP-VKFDTO5N', ip: '192.168.178.45', os.name: 'Windows 10', os.arch: 'amd64', os.version: '10.0', java.version: '11.0.14'
Driver info: org.openqa.selenium.chrome.ChromeDriver
Capabilities {acceptInsecureCerts: false, browserName: chrome, browserVersion: 100.0.4896.127, chrome: {chromedriverVersion: 100.0.4896.60 (6a5d10861ce8..., userDataDir: C:\Users\RODGER~1\AppData\L...}, goog:chromeOptions: {debuggerAddress: localhost:56198}, javascriptEnabled: true, networkConnectionEnabled: false, pageLoadStrategy: normal, platform: WINDOWS, platformName: WINDOWS, proxy: Proxy(), setWindowRect: true, strictFileInteractability: false, timeouts: {implicit: 0, pageLoad: 300000, script: 30000}, unhandledPromptBehavior: dismiss and notify, webauthn:extension:credBlob: true, webauthn:extension:largeBlob: true, webauthn:virtualAuthenticators: true}
Session ID: c50ef7221bbcc93597411a064a5844df
*** Element info: {Using=css selector, value=[href='/login']}
22:20:43.742 INFO  manager.MyListener - This is the link to screen with problem -->src/test/screenshots/screen-1243.png
