16:29:50.549 INFO  manager.ApplicationManager - The link is-->https://contacts-app.tobbymarshall815.vercel.app/home
16:29:50.593 INFO  tests.TestBase - Start test --->loginSuccessNew
16:29:50.595 INFO  manager.MyListener - 'Start find' element ---> By.xpath: //*[text()='Sing Out']
16:29:55.678 INFO  manager.MyListener - The element with locator ---> By.xpath: //*[text()='Sing Out'] <--- was found
16:29:55.686 INFO  tests.TestBase - Tests starts with email: kvitka@gmail.com and password:Kvi12345$
16:29:55.687 INFO  manager.MyListener - 'Start find' element ---> By.cssSelector: [href='/login']
16:29:55.703 INFO  manager.MyListener - The element with locator ---> By.cssSelector: [href='/login'] <--- was found
16:29:55.785 INFO  manager.MyListener - 'Start find' element ---> By.xpath: //input[1]
16:29:55.813 INFO  manager.MyListener - The element with locator ---> By.xpath: //input[1] <--- was found
16:29:55.945 INFO  manager.MyListener - 'Start find' element ---> By.xpath: //input[2]
16:29:55.970 INFO  manager.MyListener - The element with locator ---> By.xpath: //input[2] <--- was found
16:29:56.098 INFO  manager.MyListener - 'Start find' element ---> By.xpath: //*[text()=' Login']
16:29:56.124 INFO  manager.MyListener - The element with locator ---> By.xpath: //*[text()=' Login'] <--- was found
16:29:56.161 INFO  manager.MyListener - 'Start find' element ---> By.xpath: //*[text()='Sign Out']
16:29:56.615 INFO  manager.MyListener - The element with locator ---> By.xpath: //*[text()='Sign Out'] <--- was found
16:29:56.617 INFO  tests.TestBase - Test passed
16:29:56.619 INFO  tests.TestBase - Start test --->loginSuccessNew
16:29:56.620 INFO  manager.MyListener - 'Start find' element ---> By.xpath: //*[text()='Sing Out']
16:30:01.637 INFO  manager.MyListener - The element with locator ---> By.xpath: //*[text()='Sing Out'] <--- was found
16:30:01.638 INFO  tests.TestBase - Tests starts with email: mona@gmail.com and password:Mm12345$
16:30:01.638 INFO  manager.MyListener - 'Start find' element ---> By.cssSelector: [href='/login']
16:30:06.683 INFO  manager.MyListener - We have a 'throwable' -- >no such element: Unable to locate element: {"method":"css selector","selector":"[href='/login']"}
  (Session info: chrome=100.0.4896.127)
For documentation on this error, please visit: https://www.seleniumhq.org/exceptions/no_such_element.html
Build info: version: '3.141.59', revision: 'e82be7d358', time: '2018-11-14T08:17:03'
System info: host: 'LAPTOP-VKFDTO5N', ip: '192.168.178.45', os.name: 'Windows 10', os.arch: 'amd64', os.version: '10.0', java.version: '11.0.14'
Driver info: org.openqa.selenium.chrome.ChromeDriver
Capabilities {acceptInsecureCerts: false, browserName: chrome, browserVersion: 100.0.4896.127, chrome: {chromedriverVersion: 100.0.4896.60 (6a5d10861ce8..., userDataDir: C:\Users\RODGER~1\AppData\L...}, goog:chromeOptions: {debuggerAddress: localhost:60778}, javascriptEnabled: true, networkConnectionEnabled: false, pageLoadStrategy: normal, platform: WINDOWS, platformName: WINDOWS, proxy: Proxy(), setWindowRect: true, strictFileInteractability: false, timeouts: {implicit: 0, pageLoad: 300000, script: 30000}, unhandledPromptBehavior: dismiss and notify, webauthn:extension:credBlob: true, webauthn:extension:largeBlob: true, webauthn:virtualAuthenticators: true}
Session ID: 89bef2a687aefd7ff39213a2fed088f0
*** Element info: {Using=css selector, value=[href='/login']}
16:30:06.684 INFO  manager.MyListener - We have a 'fill In StackTrace' -- >org.openqa.selenium.NoSuchElementException: no such element: Unable to locate element: {"method":"css selector","selector":"[href='/login']"}
  (Session info: chrome=100.0.4896.127)
For documentation on this error, please visit: https://www.seleniumhq.org/exceptions/no_such_element.html
Build info: version: '3.141.59', revision: 'e82be7d358', time: '2018-11-14T08:17:03'
System info: host: 'LAPTOP-VKFDTO5N', ip: '192.168.178.45', os.name: 'Windows 10', os.arch: 'amd64', os.version: '10.0', java.version: '11.0.14'
Driver info: org.openqa.selenium.chrome.ChromeDriver
Capabilities {acceptInsecureCerts: false, browserName: chrome, browserVersion: 100.0.4896.127, chrome: {chromedriverVersion: 100.0.4896.60 (6a5d10861ce8..., userDataDir: C:\Users\RODGER~1\AppData\L...}, goog:chromeOptions: {debuggerAddress: localhost:60778}, javascriptEnabled: true, networkConnectionEnabled: false, pageLoadStrategy: normal, platform: WINDOWS, platformName: WINDOWS, proxy: Proxy(), setWindowRect: true, strictFileInteractability: false, timeouts: {implicit: 0, pageLoad: 300000, script: 30000}, unhandledPromptBehavior: dismiss and notify, webauthn:extension:credBlob: true, webauthn:extension:largeBlob: true, webauthn:virtualAuthenticators: true}
Session ID: 89bef2a687aefd7ff39213a2fed088f0
*** Element info: {Using=css selector, value=[href='/login']}
16:30:07.299 INFO  manager.MyListener - This is the link to screen with problem -->src/test/screenshots/screen-1806.png
16:30:07.300 INFO  tests.TestBase - Start test --->loginSuccessNew
16:30:07.301 INFO  manager.MyListener - 'Start find' element ---> By.xpath: //*[text()='Sing Out']
16:30:12.358 INFO  manager.MyListener - The element with locator ---> By.xpath: //*[text()='Sing Out'] <--- was found
16:30:12.359 INFO  tests.TestBase - Tests starts with email: zoa@gmail.com and password:Zoa12345$
16:30:12.359 INFO  manager.MyListener - 'Start find' element ---> By.cssSelector: [href='/login']
16:30:17.436 INFO  manager.MyListener - We have a 'throwable' -- >no such element: Unable to locate element: {"method":"css selector","selector":"[href='/login']"}
  (Session info: chrome=100.0.4896.127)
For documentation on this error, please visit: https://www.seleniumhq.org/exceptions/no_such_element.html
Build info: version: '3.141.59', revision: 'e82be7d358', time: '2018-11-14T08:17:03'
System info: host: 'LAPTOP-VKFDTO5N', ip: '192.168.178.45', os.name: 'Windows 10', os.arch: 'amd64', os.version: '10.0', java.version: '11.0.14'
Driver info: org.openqa.selenium.chrome.ChromeDriver
Capabilities {acceptInsecureCerts: false, browserName: chrome, browserVersion: 100.0.4896.127, chrome: {chromedriverVersion: 100.0.4896.60 (6a5d10861ce8..., userDataDir: C:\Users\RODGER~1\AppData\L...}, goog:chromeOptions: {debuggerAddress: localhost:60778}, javascriptEnabled: true, networkConnectionEnabled: false, pageLoadStrategy: normal, platform: WINDOWS, platformName: WINDOWS, proxy: Proxy(), setWindowRect: true, strictFileInteractability: false, timeouts: {implicit: 0, pageLoad: 300000, script: 30000}, unhandledPromptBehavior: dismiss and notify, webauthn:extension:credBlob: true, webauthn:extension:largeBlob: true, webauthn:virtualAuthenticators: true}
Session ID: 89bef2a687aefd7ff39213a2fed088f0
*** Element info: {Using=css selector, value=[href='/login']}
16:30:17.437 INFO  manager.MyListener - We have a 'fill In StackTrace' -- >org.openqa.selenium.NoSuchElementException: no such element: Unable to locate element: {"method":"css selector","selector":"[href='/login']"}
  (Session info: chrome=100.0.4896.127)
For documentation on this error, please visit: https://www.seleniumhq.org/exceptions/no_such_element.html
Build info: version: '3.141.59', revision: 'e82be7d358', time: '2018-11-14T08:17:03'
System info: host: 'LAPTOP-VKFDTO5N', ip: '192.168.178.45', os.name: 'Windows 10', os.arch: 'amd64', os.version: '10.0', java.version: '11.0.14'
Driver info: org.openqa.selenium.chrome.ChromeDriver
Capabilities {acceptInsecureCerts: false, browserName: chrome, browserVersion: 100.0.4896.127, chrome: {chromedriverVersion: 100.0.4896.60 (6a5d10861ce8..., userDataDir: C:\Users\RODGER~1\AppData\L...}, goog:chromeOptions: {debuggerAddress: localhost:60778}, javascriptEnabled: true, networkConnectionEnabled: false, pageLoadStrategy: normal, platform: WINDOWS, platformName: WINDOWS, proxy: Proxy(), setWindowRect: true, strictFileInteractability: false, timeouts: {implicit: 0, pageLoad: 300000, script: 30000}, unhandledPromptBehavior: dismiss and notify, webauthn:extension:credBlob: true, webauthn:extension:largeBlob: true, webauthn:virtualAuthenticators: true}
Session ID: 89bef2a687aefd7ff39213a2fed088f0
*** Element info: {Using=css selector, value=[href='/login']}
16:30:17.922 INFO  manager.MyListener - This is the link to screen with problem -->src/test/screenshots/screen-1817.png
16:30:17.923 INFO  tests.TestBase - Start test --->loginSuccessNew
16:30:17.924 INFO  manager.MyListener - 'Start find' element ---> By.xpath: //*[text()='Sing Out']
16:30:22.994 INFO  manager.MyListener - The element with locator ---> By.xpath: //*[text()='Sing Out'] <--- was found
16:30:22.994 INFO  tests.TestBase - Tests starts with email: wick416@gmail.com and password:Ww12345$
16:30:22.995 INFO  manager.MyListener - 'Start find' element ---> By.cssSelector: [href='/login']
16:30:28.036 INFO  manager.MyListener - We have a 'throwable' -- >no such element: Unable to locate element: {"method":"css selector","selector":"[href='/login']"}
  (Session info: chrome=100.0.4896.127)
For documentation on this error, please visit: https://www.seleniumhq.org/exceptions/no_such_element.html
Build info: version: '3.141.59', revision: 'e82be7d358', time: '2018-11-14T08:17:03'
System info: host: 'LAPTOP-VKFDTO5N', ip: '192.168.178.45', os.name: 'Windows 10', os.arch: 'amd64', os.version: '10.0', java.version: '11.0.14'
Driver info: org.openqa.selenium.chrome.ChromeDriver
Capabilities {acceptInsecureCerts: false, browserName: chrome, browserVersion: 100.0.4896.127, chrome: {chromedriverVersion: 100.0.4896.60 (6a5d10861ce8..., userDataDir: C:\Users\RODGER~1\AppData\L...}, goog:chromeOptions: {debuggerAddress: localhost:60778}, javascriptEnabled: true, networkConnectionEnabled: false, pageLoadStrategy: normal, platform: WINDOWS, platformName: WINDOWS, proxy: Proxy(), setWindowRect: true, strictFileInteractability: false, timeouts: {implicit: 0, pageLoad: 300000, script: 30000}, unhandledPromptBehavior: dismiss and notify, webauthn:extension:credBlob: true, webauthn:extension:largeBlob: true, webauthn:virtualAuthenticators: true}
Session ID: 89bef2a687aefd7ff39213a2fed088f0
*** Element info: {Using=css selector, value=[href='/login']}
16:30:28.036 INFO  manager.MyListener - We have a 'fill In StackTrace' -- >org.openqa.selenium.NoSuchElementException: no such element: Unable to locate element: {"method":"css selector","selector":"[href='/login']"}
  (Session info: chrome=100.0.4896.127)
For documentation on this error, please visit: https://www.seleniumhq.org/exceptions/no_such_element.html
Build info: version: '3.141.59', revision: 'e82be7d358', time: '2018-11-14T08:17:03'
System info: host: 'LAPTOP-VKFDTO5N', ip: '192.168.178.45', os.name: 'Windows 10', os.arch: 'amd64', os.version: '10.0', java.version: '11.0.14'
Driver info: org.openqa.selenium.chrome.ChromeDriver
Capabilities {acceptInsecureCerts: false, browserName: chrome, browserVersion: 100.0.4896.127, chrome: {chromedriverVersion: 100.0.4896.60 (6a5d10861ce8..., userDataDir: C:\Users\RODGER~1\AppData\L...}, goog:chromeOptions: {debuggerAddress: localhost:60778}, javascriptEnabled: true, networkConnectionEnabled: false, pageLoadStrategy: normal, platform: WINDOWS, platformName: WINDOWS, proxy: Proxy(), setWindowRect: true, strictFileInteractability: false, timeouts: {implicit: 0, pageLoad: 300000, script: 30000}, unhandledPromptBehavior: dismiss and notify, webauthn:extension:credBlob: true, webauthn:extension:largeBlob: true, webauthn:virtualAuthenticators: true}
Session ID: 89bef2a687aefd7ff39213a2fed088f0
*** Element info: {Using=css selector, value=[href='/login']}
16:30:28.501 INFO  manager.MyListener - This is the link to screen with problem -->src/test/screenshots/screen-1828.png
